<?xml version="1.0" encoding="UTF-8"?>
<testsuite xmlns:xsi="http://www.w3.org/2001/XMLSchema-instance" xsi:noNamespaceSchemaLocation="https://maven.apache.org/surefire/maven-surefire-plugin/xsd/surefire-test-report.xsd" version="3.0.2" name="com.pinnacle.dummyServlet.DummyServletApplicationTests" time="4.997" tests="1" errors="0" skipped="0" failures="0">
  <properties>
[...]
</properties>
  <testcase name="contextLoads" classname="com.pinnacle.dummyServlet.DummyServletApplicationTests" time="0.963">
    <system-out><![CDATA[2026-02-18 18:25:44.390 [main] DEBUG o.s.b.t.c.SpringBootTestContextBootstrapper - [buildDefaultMergedContextConfiguration] Neither @ContextConfiguration nor @ContextHierarchy found for test class [DummyServletApplicationTests]: using SpringBootContextLoader
2026-02-18 18:25:44.399 [main] DEBUG o.s.t.c.s.AbstractContextLoader - [generateDefaultLocations] Could not detect default resource locations for test class [com.pinnacle.dummyServlet.DummyServletApplicationTests]: no resource found for suffixes {-context.xml, Context.groovy}.
2026-02-18 18:25:44.406 [main] INFO  o.s.t.c.s.AnnotationConfigContextLoaderUtils - [detectDefaultConfigurationClasses] Could not detect default configuration classes for test class [com.pinnacle.dummyServlet.DummyServletApplicationTests]: DummyServletApplicationTests does not declare any static, non-private, non-final, nested classes annotated with @Configuration.
2026-02-18 18:25:44.451 [main] DEBUG o.s.b.t.c.SpringBootTestContextBootstrapper - [getContextCustomizerFactories] Using ContextCustomizerFactory implementations for test class [DummyServletApplicationTests]: [ImportsContextCustomizerFactory, ExcludeFilterContextCustomizerFactory, HttpGraphQlTesterContextCustomizerFactory, DuplicateJsonObjectContextCustomizerFactory, MockitoContextCustomizerFactory, TestRestTemplateContextCustomizerFactory, WebTestClientContextCustomizerFactory, DisableReactorResourceFactoryGlobalResourcesContextCustomizerFactory, OnFailureConditionReportContextCustomizerFactory, OverrideAutoConfigurationContextCustomizerFactory, ObservabilityContextCustomizerFactory, TypeExcludeFiltersContextCustomizerFactory, PropertyMappingContextCustomizerFactory, WebDriverContextCustomizerFactory, BeanOverrideContextCustomizerFactory, MockServerContainerContextCustomizerFactory, DynamicPropertiesContextCustomizerFactory]
2026-02-18 18:25:44.486 [main] DEBUG o.s.b.t.c.SpringBootTestContextBootstrapper - [getContextCustomizers] Using ContextCustomizers for test class [DummyServletApplicationTests]: [ExcludeFilterContextCustomizer, DuplicateJsonObjectContextCustomizer, MockitoContextCustomizer, TestRestTemplateContextCustomizer, DisableReactorResourceFactoryGlobalResourcesContextCustomizerCustomizer, OnFailureConditionReportContextCustomizer, DisableObservabilityContextCustomizer, PropertyMappingContextCustomizer, WebDriverContextCustomizer, DynamicPropertiesContextCustomizer]
2026-02-18 18:25:44.650 [main] DEBUG o.s.c.a.ClassPathScanningCandidateComponentProvider - [scanCandidateComponents] Identified candidate component class: file [D:\PinnacleProject\dummyServlet\target\classes\com\pinnacle\dummyServlet\DummyServletApplication.class]
2026-02-18 18:25:44.654 [main] INFO  o.s.b.t.c.SpringBootTestContextBootstrapper - [getOrFindConfigurationClasses] Found @SpringBootConfiguration com.pinnacle.dummyServlet.DummyServletApplication for test class com.pinnacle.dummyServlet.DummyServletApplicationTests
2026-02-18 18:25:44.863 [main] DEBUG o.s.t.c.u.TestContextSpringFactoriesUtils - [handleFailure] Skipping candidate TestExecutionListener [org.springframework.test.context.observation.MicrometerObservationRegistryTestExecutionListener] due to a missing dependency. Specify custom TestExecutionListener classes or make the default TestExecutionListener classes and their required dependencies available. Offending class: io.micrometer.context.ThreadLocalAccessor. MicrometerObservationRegistryTestExecutionListener requires io.micrometer:micrometer-observation:1.10.8 or higher and io.micrometer:context-propagation:1.0.3 or higher.
2026-02-18 18:25:44.871 [main] DEBUG o.s.t.c.u.TestContextSpringFactoriesUtils - [handleFailure] Skipping candidate TestExecutionListener [org.springframework.test.context.transaction.TransactionalTestExecutionListener] due to a missing dependency. Specify custom TestExecutionListener classes or make the default TestExecutionListener classes and their required dependencies available. Offending class: org/springframework/transaction/interceptor/TransactionAttributeSource
2026-02-18 18:25:44.873 [main] DEBUG o.s.t.c.u.TestContextSpringFactoriesUtils - [handleFailure] Skipping candidate TestExecutionListener [org.springframework.test.context.jdbc.SqlScriptsTestExecutionListener] due to a missing dependency. Specify custom TestExecutionListener classes or make the default TestExecutionListener classes and their required dependencies available. Offending class: org/springframework/transaction/interceptor/TransactionAttribute
2026-02-18 18:25:44.878 [main] DEBUG o.s.b.t.c.SpringBootTestContextBootstrapper - [getTestExecutionListeners] Using TestExecutionListeners for test class [DummyServletApplicationTests]: [ServletTestExecutionListener, DirtiesContextBeforeModesTestExecutionListener, ApplicationEventsTestExecutionListener, MockitoTestExecutionListener, BeanOverrideTestExecutionListener, DependencyInjectionTestExecutionListener, DirtiesContextTestExecutionListener, CommonCachesTestExecutionListener, EventPublishingTestExecutionListener, ResetMocksTestExecutionListener, RestDocsTestExecutionListener, MockRestServiceServerResetTestExecutionListener, MockMvcPrintOnlyOnFailureTestExecutionListener, WebDriverTestExecutionListener, MockWebServiceServerTestExecutionListener, MockitoResetTestExecutionListener]
2026-02-18 18:25:44.882 [main] DEBUG o.s.t.c.s.DirtiesContextBeforeModesTestExecutionListener - [beforeOrAfterTestClass] Before test class: class [DummyServletApplicationTests], class annotated with @DirtiesContext [false] with mode [null]

  .   ____          _            __ _ _
 /\\ / ___'_ __ _ _(_)_ __  __ _ \ \ \ \
( ( )\___ | '_ | '_| | '_ \/ _` | \ \ \ \
 \\/  ___)| |_)| | | | | || (_| |  ) ) ) )
  '  |____| .__|_| |_|_| |_\__, | / / / /
 =========|_|==============|___/=/_/_/_/

 :: Spring Boot ::                (v3.5.4)

2026-02-18 18:25:45.445 [main] INFO  c.p.d.DummyServletApplicationTests - [logStarting] Starting DummyServletApplicationTests using Java 21.0.5 with PID 17524 (started by Naveen_Kumar in D:\PinnacleProject\dummyServlet)
2026-02-18 18:25:45.445 [main] DEBUG c.p.d.DummyServletApplicationTests - [logStarting] Running with Spring Boot v3.5.4, Spring v6.2.9
2026-02-18 18:25:45.447 [main] INFO  c.p.d.DummyServletApplicationTests - [logStartupProfileInfo] No active profile set, falling back to 1 default profile: "default"
2026-02-18 18:25:45.447 [main] DEBUG o.s.boot.SpringApplication - [load] Loading source class com.pinnacle.dummyServlet.DummyServletApplication
2026-02-18 18:25:45.496 [main] DEBUG o.s.w.c.s.GenericWebApplicationContext - [prepareRefresh] Refreshing org.springframework.web.context.support.GenericWebApplicationContext@7fedfe27
2026-02-18 18:25:45.518 [main] DEBUG o.s.b.f.s.DefaultListableBeanFactory - [getSingleton] Creating shared instance of singleton bean 'org.springframework.context.annotation.internalConfigurationAnnotationProcessor'
2026-02-18 18:25:45.551 [main] DEBUG o.s.b.f.s.DefaultListableBeanFactory - [getSingleton] Creating shared instance of singleton bean 'org.springframework.boot.autoconfigure.internalCachingMetadataReaderFactory'
2026-02-18 18:25:45.615 [main] DEBUG o.s.c.a.ClassPathBeanDefinitionScanner - [scanCandidateComponents] Identified candidate component class: file [D:\PinnacleProject\dummyServlet\target\classes\com\pinnacle\dummyServlet\controller\MainController.class]
2026-02-18 18:25:46.577 [main] DEBUG o.s.b.f.s.DefaultListableBeanFactory - [getSingleton] Creating shared instance of singleton bean 'propertySourcesPlaceholderConfigurer'
2026-02-18 18:25:46.602 [main] DEBUG o.s.b.f.s.DefaultListableBeanFactory - [getSingleton] Creating shared instance of singleton bean 'org.springframework.boot.test.mock.mockito.MockitoPostProcessor'
2026-02-18 18:25:46.623 [main] DEBUG o.s.b.f.s.DefaultListableBeanFactory - [getSingleton] Creating shared instance of singleton bean 'org.springframework.boot.sql.init.dependency.DatabaseInitializationDependencyConfigurer$DependsOnDatabaseInitializationPostProcessor'
2026-02-18 18:25:46.675 [main] DEBUG o.s.b.f.s.DefaultListableBeanFactory - [getSingleton] Creating shared instance of singleton bean 'org.springframework.context.event.internalEventListenerProcessor'
2026-02-18 18:25:46.678 [main] DEBUG o.s.b.f.s.DefaultListableBeanFactory - [getSingleton] Creating shared instance of singleton bean 'bootstrapExecutorAliasPostProcessor'
2026-02-18 18:25:46.679 [main] DEBUG o.s.b.f.s.DefaultListableBeanFactory - [getSingleton] Creating shared instance of singleton bean 'preserveErrorControllerTargetClassPostProcessor'
2026-02-18 18:25:46.680 [main] DEBUG o.s.b.f.s.DefaultListableBeanFactory - [getSingleton] Creating shared instance of singleton bean 'forceAutoProxyCreatorToUseClassProxying'
2026-02-18 18:25:46.681 [main] DEBUG o.s.b.f.s.DefaultListableBeanFactory - [getSingleton] Creating shared instance of singleton bean 'org.springframework.context.event.internalEventListenerFactory'
2026-02-18 18:25:46.697 [main] DEBUG o.s.b.f.s.DefaultListableBeanFactory - [getSingleton] Creating shared instance of singleton bean 'org.springframework.boot.test.mock.mockito.MockitoPostProcessor$SpyPostProcessor'
2026-02-18 18:25:46.700 [main] DEBUG o.s.b.f.s.DefaultListableBeanFactory - [getSingleton] Creating shared instance of singleton bean 'org.springframework.context.annotation.internalAutowiredAnnotationProcessor'
2026-02-18 18:25:46.702 [main] DEBUG o.s.b.f.s.DefaultListableBeanFactory - [getSingleton] Creating shared instance of singleton bean 'org.springframework.context.annotation.internalCommonAnnotationProcessor'
2026-02-18 18:25:46.706 [main] DEBUG o.s.b.f.s.DefaultListableBeanFactory - [getSingleton] Creating shared instance of singleton bean 'org.springframework.boot.context.properties.ConfigurationPropertiesBindingPostProcessor'
2026-02-18 18:25:46.706 [main] DEBUG o.s.b.f.s.DefaultListableBeanFactory - [getSingleton] Creating shared instance of singleton bean 'org.springframework.boot.context.internalConfigurationPropertiesBinder'
2026-02-18 18:25:46.709 [main] DEBUG o.s.b.f.s.DefaultListableBeanFactory - [getSingleton] Creating shared instance of singleton bean 'org.springframework.aop.config.internalAutoProxyCreator'
2026-02-18 18:25:46.725 [main] DEBUG o.s.b.f.s.DefaultListableBeanFactory - [getSingleton] Creating shared instance of singleton bean 'webServerFactoryCustomizerBeanPostProcessor'
2026-02-18 18:25:46.727 [main] DEBUG o.s.b.f.s.DefaultListableBeanFactory - [getSingleton] Creating shared instance of singleton bean 'errorPageRegistrarBeanPostProcessor'
2026-02-18 18:25:46.732 [main] DEBUG o.s.u.c.s.UiApplicationContextUtils - [initThemeSource] Unable to locate ThemeSource with name 'themeSource': using default [org.springframework.ui.context.support.ResourceBundleThemeSource@6d6bbd35]
2026-02-18 18:25:46.733 [main] DEBUG o.s.b.f.s.DefaultListableBeanFactory - [getSingleton] Creating shared instance of singleton bean 'applicationTaskExecutor'
2026-02-18 18:25:46.735 [main] DEBUG o.s.b.f.s.DefaultListableBeanFactory - [getSingleton] Creating shared instance of singleton bean 'org.springframework.boot.autoconfigure.task.TaskExecutorConfigurations$TaskExecutorConfiguration'
2026-02-18 18:25:46.750 [main] DEBUG o.s.b.f.s.DefaultListableBeanFactory - [getSingleton] Creating shared instance of singleton bean 'threadPoolTaskExecutorBuilder'
2026-02-18 18:25:46.751 [main] DEBUG o.s.b.f.s.DefaultListableBeanFactory - [getSingleton] Creating shared instance of singleton bean 'org.springframework.boot.autoconfigure.task.TaskExecutorConfigurations$ThreadPoolTaskExecutorBuilderConfiguration'
2026-02-18 18:25:46.753 [main] DEBUG o.s.b.f.s.DefaultListableBeanFactory - [getSingleton] Creating shared instance of singleton bean 'spring.task.execution-org.springframework.boot.autoconfigure.task.TaskExecutionProperties'
2026-02-18 18:25:46.756 [main] DEBUG o.s.b.f.s.DefaultListableBeanFactory - [getSingleton] Creating shared instance of singleton bean 'org.springframework.boot.context.properties.BoundConfigurationProperties'
2026-02-18 18:25:46.777 [main] DEBUG o.s.b.f.s.DefaultListableBeanFactory - [registerDependentBeans] Autowiring by type from bean name 'threadPoolTaskExecutorBuilder' via factory method to bean named 'spring.task.execution-org.springframework.boot.autoconfigure.task.TaskExecutionProperties'
2026-02-18 18:25:46.785 [main] DEBUG o.s.b.f.s.DefaultListableBeanFactory - [registerDependentBeans] Autowiring by type from bean name 'applicationTaskExecutor' via factory method to bean named 'threadPoolTaskExecutorBuilder'
2026-02-18 18:25:46.810 [main] DEBUG o.s.s.c.ThreadPoolTaskExecutor - [initialize] Initializing ExecutorService 'applicationTaskExecutor'
2026-02-18 18:25:46.811 [main] DEBUG o.s.b.f.s.DefaultListableBeanFactory - [getSingleton] Creating shared instance of singleton bean 'org.springframework.test.context.support.internalDynamicPropertyRegistrarBeanInitializer'
2026-02-18 18:25:46.815 [main] DEBUG o.s.b.f.s.DefaultListableBeanFactory - [getSingleton] Creating shared instance of singleton bean 'dummyServletApplication'
2026-02-18 18:25:46.816 [main] DEBUG o.s.b.f.s.DefaultListableBeanFactory - [getSingleton] Creating shared instance of singleton bean 'mainController'
2026-02-18 18:25:46.821 [main] DEBUG o.s.b.f.s.DefaultListableBeanFactory - [getSingleton] Creating shared instance of singleton bean 'org.springframework.boot.autoconfigure.AutoConfigurationPackages'
2026-02-18 18:25:46.822 [main] DEBUG o.s.b.f.s.DefaultListableBeanFactory - [getSingleton] Creating shared instance of singleton bean 'org.springframework.boot.autoconfigure.context.PropertyPlaceholderAutoConfiguration'
2026-02-18 18:25:46.822 [main] DEBUG o.s.b.f.s.DefaultListableBeanFactory - [getSingleton] Creating shared instance of singleton bean 'org.springframework.boot.autoconfigure.ssl.SslAutoConfiguration'
2026-02-18 18:25:46.824 [main] DEBUG o.s.b.f.s.DefaultListableBeanFactory - [getSingleton] Creating shared instance of singleton bean 'spring.ssl-org.springframework.boot.autoconfigure.ssl.SslProperties'
2026-02-18 18:25:46.824 [main] DEBUG o.s.b.f.s.DefaultListableBeanFactory - [registerDependentBeans] Autowiring by type from bean name 'org.springframework.boot.autoconfigure.ssl.SslAutoConfiguration' via constructor to bean named 'org.springframework.web.context.support.GenericWebApplicationContext@7fedfe27'
2026-02-18 18:25:46.824 [main] DEBUG o.s.b.f.s.DefaultListableBeanFactory - [registerDependentBeans] Autowiring by type from bean name 'org.springframework.boot.autoconfigure.ssl.SslAutoConfiguration' via constructor to bean named 'spring.ssl-org.springframework.boot.autoconfigure.ssl.SslProperties'
2026-02-18 18:25:46.824 [main] DEBUG o.s.b.f.s.DefaultListableBeanFactory - [getSingleton] Creating shared instance of singleton bean 'fileWatcher'
2026-02-18 18:25:46.824 [main] DEBUG o.s.b.f.s.DefaultListableBeanFactory - [getSingleton] Creating shared instance of singleton bean 'sslPropertiesSslBundleRegistrar'
2026-02-18 18:25:46.824 [main] DEBUG o.s.b.f.s.DefaultListableBeanFactory - [registerDependentBeans] Autowiring by type from bean name 'sslPropertiesSslBundleRegistrar' via factory method to bean named 'fileWatcher'
2026-02-18 18:25:46.824 [main] DEBUG o.s.b.f.s.DefaultListableBeanFactory - [getSingleton] Creating shared instance of singleton bean 'sslBundleRegistry'
2026-02-18 18:25:46.840 [main] DEBUG o.s.b.f.s.DefaultListableBeanFactory - [getSingleton] Creating shared instance of singleton bean 'org.springframework.boot.context.properties.EnableConfigurationPropertiesRegistrar.methodValidationExcludeFilter'
2026-02-18 18:25:46.840 [main] DEBUG o.s.b.f.s.DefaultListableBeanFactory - [getSingleton] Creating shared instance of singleton bean 'org.springframework.boot.autoconfigure.websocket.servlet.WebSocketServletAutoConfiguration$TomcatWebSocketConfiguration'
2026-02-18 18:25:46.840 [main] DEBUG o.s.b.f.s.DefaultListableBeanFactory - [getSingleton] Creating shared instance of singleton bean 'websocketServletWebServerCustomizer'
2026-02-18 18:25:46.840 [main] DEBUG o.s.b.f.s.DefaultListableBeanFactory - [getSingleton] Creating shared instance of singleton bean 'org.springframework.boot.autoconfigure.websocket.servlet.WebSocketServletAutoConfiguration'
2026-02-18 18:25:46.840 [main] DEBUG o.s.b.f.s.DefaultListableBeanFactory - [getSingleton] Creating shared instance of singleton bean 'org.springframework.boot.autoconfigure.web.servlet.ServletWebServerFactoryConfiguration$EmbeddedTomcat'
2026-02-18 18:25:46.840 [main] DEBUG o.s.b.f.s.DefaultListableBeanFactory - [getSingleton] Creating shared instance of singleton bean 'tomcatServletWebServerFactory'
2026-02-18 18:25:46.877 [main] DEBUG o.s.b.f.s.DefaultListableBeanFactory - [getSingleton] Creating shared instance of singleton bean 'servletWebServerFactoryCustomizer'
2026-02-18 18:25:46.878 [main] DEBUG o.s.b.f.s.DefaultListableBeanFactory - [getSingleton] Creating shared instance of singleton bean 'org.springframework.boot.autoconfigure.web.servlet.ServletWebServerFactoryAutoConfiguration'
2026-02-18 18:25:46.880 [main] DEBUG o.s.b.f.s.DefaultListableBeanFactory - [getSingleton] Creating shared instance of singleton bean 'server-org.springframework.boot.autoconfigure.web.ServerProperties'
2026-02-18 18:25:46.895 [main] DEBUG o.s.b.f.s.DefaultListableBeanFactory - [registerDependentBeans] Autowiring by type from bean name 'servletWebServerFactoryCustomizer' via factory method to bean named 'server-org.springframework.boot.autoconfigure.web.ServerProperties'
2026-02-18 18:25:46.902 [main] DEBUG o.s.b.f.s.DefaultListableBeanFactory - [getSingleton] Creating shared instance of singleton bean 'tomcatServletWebServerFactoryCustomizer'
2026-02-18 18:25:46.906 [main] DEBUG o.s.b.f.s.DefaultListableBeanFactory - [registerDependentBeans] Autowiring by type from bean name 'tomcatServletWebServerFactoryCustomizer' via factory method to bean named 'server-org.springframework.boot.autoconfigure.web.ServerProperties'
2026-02-18 18:25:46.909 [main] DEBUG o.s.b.f.s.DefaultListableBeanFactory - [getSingleton] Creating shared instance of singleton bean 'localeCharsetMappingsCustomizer'
2026-02-18 18:25:46.910 [main] DEBUG o.s.b.f.s.DefaultListableBeanFactory - [getSingleton] Creating shared instance of singleton bean 'org.springframework.boot.autoconfigure.web.servlet.HttpEncodingAutoConfiguration'
2026-02-18 18:25:46.913 [main] DEBUG o.s.b.f.s.DefaultListableBeanFactory - [registerDependentBeans] Autowiring by type from bean name 'org.springframework.boot.autoconfigure.web.servlet.HttpEncodingAutoConfiguration' via constructor to bean named 'server-org.springframework.boot.autoconfigure.web.ServerProperties'
2026-02-18 18:25:46.942 [main] DEBUG o.s.b.f.s.DefaultListableBeanFactory - [getSingleton] Creating shared instance of singleton bean 'errorPageCustomizer'
2026-02-18 18:25:46.942 [main] DEBUG o.s.b.f.s.DefaultListableBeanFactory - [getSingleton] Creating shared instance of singleton bean 'org.springframework.boot.autoconfigure.web.servlet.error.ErrorMvcAutoConfiguration'
2026-02-18 18:25:46.944 [main] DEBUG o.s.b.f.s.DefaultListableBeanFactory - [registerDependentBeans] Autowiring by type from bean name 'org.springframework.boot.autoconfigure.web.servlet.error.ErrorMvcAutoConfiguration' via constructor to bean named 'server-org.springframework.boot.autoconfigure.web.ServerProperties'
2026-02-18 18:25:46.945 [main] DEBUG o.s.b.f.s.DefaultListableBeanFactory - [getSingleton] Creating shared instance of singleton bean 'dispatcherServletRegistration'
2026-02-18 18:25:46.946 [main] DEBUG o.s.b.f.s.DefaultListableBeanFactory - [getSingleton] Creating shared instance of singleton bean 'org.springframework.boot.autoconfigure.web.servlet.DispatcherServletAutoConfiguration$DispatcherServletRegistrationConfiguration'
2026-02-18 18:25:46.946 [main] DEBUG o.s.b.f.s.DefaultListableBeanFactory - [getSingleton] Creating shared instance of singleton bean 'dispatcherServlet'
2026-02-18 18:25:46.947 [main] DEBUG o.s.b.f.s.DefaultListableBeanFactory - [getSingleton] Creating shared instance of singleton bean 'org.springframework.boot.autoconfigure.web.servlet.DispatcherServletAutoConfiguration$DispatcherServletConfiguration'
2026-02-18 18:25:46.948 [main] DEBUG o.s.b.f.s.DefaultListableBeanFactory - [getSingleton] Creating shared instance of singleton bean 'spring.mvc-org.springframework.boot.autoconfigure.web.servlet.WebMvcProperties'
2026-02-18 18:25:46.951 [main] DEBUG o.s.b.f.s.DefaultListableBeanFactory - [registerDependentBeans] Autowiring by type from bean name 'dispatcherServlet' via factory method to bean named 'spring.mvc-org.springframework.boot.autoconfigure.web.servlet.WebMvcProperties'
2026-02-18 18:25:46.964 [main] DEBUG o.s.b.f.s.DefaultListableBeanFactory - [registerDependentBeans] Autowiring by type from bean name 'dispatcherServletRegistration' via factory method to bean named 'dispatcherServlet'
2026-02-18 18:25:46.966 [main] DEBUG o.s.b.f.s.DefaultListableBeanFactory - [registerDependentBeans] Autowiring by type from bean name 'dispatcherServletRegistration' via factory method to bean named 'spring.mvc-org.springframework.boot.autoconfigure.web.servlet.WebMvcProperties'
2026-02-18 18:25:46.969 [main] DEBUG o.s.b.f.s.DefaultListableBeanFactory - [getSingleton] Creating shared instance of singleton bean 'multipartConfigElement'
2026-02-18 18:25:46.971 [main] DEBUG o.s.b.f.s.DefaultListableBeanFactory - [getSingleton] Creating shared instance of singleton bean 'org.springframework.boot.autoconfigure.web.servlet.MultipartAutoConfiguration'
2026-02-18 18:25:46.972 [main] DEBUG o.s.b.f.s.DefaultListableBeanFactory - [getSingleton] Creating shared instance of singleton bean 'spring.servlet.multipart-org.springframework.boot.autoconfigure.web.servlet.MultipartProperties'
2026-02-18 18:25:46.981 [main] DEBUG o.s.b.f.s.DefaultListableBeanFactory - [registerDependentBeans] Autowiring by type from bean name 'org.springframework.boot.autoconfigure.web.servlet.MultipartAutoConfiguration' via constructor to bean named 'spring.servlet.multipart-org.springframework.boot.autoconfigure.web.servlet.MultipartProperties'
2026-02-18 18:25:46.993 [main] DEBUG o.s.b.f.s.DefaultListableBeanFactory - [registerDependentBeans] Autowiring by type from bean name 'errorPageCustomizer' via factory method to bean named 'dispatcherServletRegistration'
2026-02-18 18:25:46.997 [main] DEBUG o.s.b.f.s.DefaultListableBeanFactory - [getSingleton] Creating shared instance of singleton bean 'org.springframework.boot.autoconfigure.web.servlet.DispatcherServletAutoConfiguration'
2026-02-18 18:25:46.998 [main] DEBUG o.s.b.f.s.DefaultListableBeanFactory - [getSingleton] Creating shared instance of singleton bean 'org.springframework.boot.autoconfigure.task.TaskExecutorConfigurations$SimpleAsyncTaskExecutorBuilderConfiguration'
2026-02-18 18:25:47.000 [main] DEBUG o.s.b.f.s.DefaultListableBeanFactory - [registerDependentBeans] Autowiring by type from bean name 'org.springframework.boot.autoconfigure.task.TaskExecutorConfigurations$SimpleAsyncTaskExecutorBuilderConfiguration' via constructor to bean named 'spring.task.execution-org.springframework.boot.autoconfigure.task.TaskExecutionProperties'
2026-02-18 18:25:47.001 [main] DEBUG o.s.b.f.s.DefaultListableBeanFactory - [getSingleton] Creating shared instance of singleton bean 'simpleAsyncTaskExecutorBuilder'
2026-02-18 18:25:47.004 [main] DEBUG o.s.b.f.s.DefaultListableBeanFactory - [getSingleton] Creating shared instance of singleton bean 'org.springframework.boot.autoconfigure.task.TaskExecutorConfigurations$AsyncConfigurerConfiguration'
2026-02-18 18:25:47.004 [main] DEBUG o.s.b.f.s.DefaultListableBeanFactory - [getSingleton] Creating shared instance of singleton bean 'applicationTaskExecutorAsyncConfigurer'
2026-02-18 18:25:47.005 [main] DEBUG o.s.b.f.s.DefaultListableBeanFactory - [registerDependentBeans] Autowiring by type from bean name 'applicationTaskExecutorAsyncConfigurer' via factory method to bean named 'org.springframework.beans.factory.support.DefaultListableBeanFactory@2715644a'
2026-02-18 18:25:47.006 [main] DEBUG o.s.b.f.s.DefaultListableBeanFactory - [getSingleton] Creating shared instance of singleton bean 'org.springframework.boot.autoconfigure.task.TaskExecutorConfigurations$BootstrapExecutorConfiguration'
2026-02-18 18:25:47.007 [main] DEBUG o.s.b.f.s.DefaultListableBeanFactory - [getSingleton] Creating shared instance of singleton bean 'org.springframework.boot.autoconfigure.task.TaskExecutionAutoConfiguration'
2026-02-18 18:25:47.008 [main] DEBUG o.s.b.f.s.DefaultListableBeanFactory - [getSingleton] Creating shared instance of singleton bean 'org.springframework.boot.autoconfigure.web.servlet.error.ErrorMvcAutoConfiguration$WhitelabelErrorViewConfiguration'
2026-02-18 18:25:47.010 [main] DEBUG o.s.b.f.s.DefaultListableBeanFactory - [getSingleton] Creating shared instance of singleton bean 'error'
2026-02-18 18:25:47.011 [main] DEBUG o.s.b.f.s.DefaultListableBeanFactory - [getSingleton] Creating shared instance of singleton bean 'beanNameViewResolver'
2026-02-18 18:25:47.015 [main] DEBUG o.s.b.f.s.DefaultListableBeanFactory - [getSingleton] Creating shared instance of singleton bean 'org.springframework.boot.autoconfigure.web.servlet.error.ErrorMvcAutoConfiguration$DefaultErrorViewResolverConfiguration'
2026-02-18 18:25:47.017 [main] DEBUG o.s.b.f.s.DefaultListableBeanFactory - [getSingleton] Creating shared instance of singleton bean 'spring.web-org.springframework.boot.autoconfigure.web.WebProperties'
2026-02-18 18:25:47.025 [main] DEBUG o.s.b.f.s.DefaultListableBeanFactory - [registerDependentBeans] Autowiring by type from bean name 'org.springframework.boot.autoconfigure.web.servlet.error.ErrorMvcAutoConfiguration$DefaultErrorViewResolverConfiguration' via constructor to bean named 'org.springframework.web.context.support.GenericWebApplicationContext@7fedfe27'
2026-02-18 18:25:47.025 [main] DEBUG o.s.b.f.s.DefaultListableBeanFactory - [registerDependentBeans] Autowiring by type from bean name 'org.springframework.boot.autoconfigure.web.servlet.error.ErrorMvcAutoConfiguration$DefaultErrorViewResolverConfiguration' via constructor to bean named 'spring.web-org.springframework.boot.autoconfigure.web.WebProperties'
2026-02-18 18:25:47.025 [main] DEBUG o.s.b.f.s.DefaultListableBeanFactory - [getSingleton] Creating shared instance of singleton bean 'conventionErrorViewResolver'
2026-02-18 18:25:47.025 [main] DEBUG o.s.b.f.s.DefaultListableBeanFactory - [getSingleton] Creating shared instance of singleton bean 'errorAttributes'
2026-02-18 18:25:47.041 [main] DEBUG o.s.b.f.s.DefaultListableBeanFactory - [getSingleton] Creating shared instance of singleton bean 'basicErrorController'
2026-02-18 18:25:47.042 [main] DEBUG o.s.b.f.s.DefaultListableBeanFactory - [registerDependentBeans] Autowiring by type from bean name 'basicErrorController' via factory method to bean named 'errorAttributes'
2026-02-18 18:25:47.069 [main] DEBUG o.s.b.f.s.DefaultListableBeanFactory - [getSingleton] Creating shared instance of singleton bean 'org.springframework.boot.autoconfigure.web.servlet.WebMvcAutoConfiguration$EnableWebMvcConfiguration'
2026-02-18 18:25:47.075 [main] DEBUG o.s.b.f.s.DefaultListableBeanFactory - [registerDependentBeans] Autowiring by type from bean name 'org.springframework.boot.autoconfigure.web.servlet.WebMvcAutoConfiguration$EnableWebMvcConfiguration' via constructor to bean named 'spring.mvc-org.springframework.boot.autoconfigure.web.servlet.WebMvcProperties'
2026-02-18 18:25:47.075 [main] DEBUG o.s.b.f.s.DefaultListableBeanFactory - [registerDependentBeans] Autowiring by type from bean name 'org.springframework.boot.autoconfigure.web.servlet.WebMvcAutoConfiguration$EnableWebMvcConfiguration' via constructor to bean named 'spring.web-org.springframework.boot.autoconfigure.web.WebProperties'
2026-02-18 18:25:47.075 [main] DEBUG o.s.b.f.s.DefaultListableBeanFactory - [registerDependentBeans] Autowiring by type from bean name 'org.springframework.boot.autoconfigure.web.servlet.WebMvcAutoConfiguration$EnableWebMvcConfiguration' via constructor to bean named 'org.springframework.beans.factory.support.DefaultListableBeanFactory@2715644a'
2026-02-18 18:25:47.101 [main] DEBUG o.s.b.f.s.DefaultListableBeanFactory - [getSingleton] Creating shared instance of singleton bean 'org.springframework.boot.autoconfigure.web.servlet.WebMvcAutoConfiguration$WebMvcAutoConfigurationAdapter'
2026-02-18 18:25:47.103 [main] DEBUG o.s.b.f.s.DefaultListableBeanFactory - [registerDependentBeans] Autowiring by type from bean name 'org.springframework.boot.autoconfigure.web.servlet.WebMvcAutoConfiguration$WebMvcAutoConfigurationAdapter' via constructor to bean named 'spring.web-org.springframework.boot.autoconfigure.web.WebProperties'
2026-02-18 18:25:47.105 [main] DEBUG o.s.b.f.s.DefaultListableBeanFactory - [registerDependentBeans] Autowiring by type from bean name 'org.springframework.boot.autoconfigure.web.servlet.WebMvcAutoConfiguration$WebMvcAutoConfigurationAdapter' via constructor to bean named 'spring.mvc-org.springframework.boot.autoconfigure.web.servlet.WebMvcProperties'
2026-02-18 18:25:47.107 [main] DEBUG o.s.b.f.s.DefaultListableBeanFactory - [registerDependentBeans] Autowiring by type from bean name 'org.springframework.boot.autoconfigure.web.servlet.WebMvcAutoConfiguration$WebMvcAutoConfigurationAdapter' via constructor to bean named 'org.springframework.beans.factory.support.DefaultListableBeanFactory@2715644a'
2026-02-18 18:25:47.117 [main] DEBUG o.s.b.f.s.DefaultListableBeanFactory - [getSingleton] Creating shared instance of singleton bean 'welcomePageHandlerMapping'
2026-02-18 18:25:47.118 [main] DEBUG o.s.b.f.s.DefaultListableBeanFactory - [getSingleton] Creating shared instance of singleton bean 'mvcConversionService'
2026-02-18 18:25:47.134 [main] DEBUG o.s.b.f.s.DefaultListableBeanFactory - [getSingleton] Creating shared instance of singleton bean 'mvcResourceUrlProvider'
2026-02-18 18:25:47.139 [main] DEBUG o.s.b.f.s.DefaultListableBeanFactory - [registerDependentBeans] Autowiring by type from bean name 'welcomePageHandlerMapping' via factory method to bean named 'org.springframework.web.context.support.GenericWebApplicationContext@7fedfe27'
2026-02-18 18:25:47.140 [main] DEBUG o.s.b.f.s.DefaultListableBeanFactory - [registerDependentBeans] Autowiring by type from bean name 'welcomePageHandlerMapping' via factory method to bean named 'mvcConversionService'
2026-02-18 18:25:47.140 [main] DEBUG o.s.b.f.s.DefaultListableBeanFactory - [registerDependentBeans] Autowiring by type from bean name 'welcomePageHandlerMapping' via factory method to bean named 'mvcResourceUrlProvider'
2026-02-18 18:25:47.162 [main] DEBUG o.s.b.f.s.DefaultListableBeanFactory - [getSingleton] Creating shared instance of singleton bean 'welcomePageNotAcceptableHandlerMapping'
2026-02-18 18:25:47.162 [main] DEBUG o.s.b.f.s.DefaultListableBeanFactory - [registerDependentBeans] Autowiring by type from bean name 'welcomePageNotAcceptableHandlerMapping' via factory method to bean named 'org.springframework.web.context.support.GenericWebApplicationContext@7fedfe27'
2026-02-18 18:25:47.162 [main] DEBUG o.s.b.f.s.DefaultListableBeanFactory - [registerDependentBeans] Autowiring by type from bean name 'welcomePageNotAcceptableHandlerMapping' via factory method to bean named 'mvcConversionService'
2026-02-18 18:25:47.163 [main] DEBUG o.s.b.f.s.DefaultListableBeanFactory - [registerDependentBeans] Autowiring by type from bean name 'welcomePageNotAcceptableHandlerMapping' via factory method to bean named 'mvcResourceUrlProvider'
2026-02-18 18:25:47.169 [main] DEBUG o.s.b.f.s.DefaultListableBeanFactory - [getSingleton] Creating shared instance of singleton bean 'localeResolver'
2026-02-18 18:25:47.171 [main] DEBUG o.s.b.f.s.DefaultListableBeanFactory - [getSingleton] Creating shared instance of singleton bean 'themeResolver'
2026-02-18 18:25:47.174 [main] DEBUG o.s.b.f.s.DefaultListableBeanFactory - [getSingleton] Creating shared instance of singleton bean 'flashMapManager'
2026-02-18 18:25:47.178 [main] DEBUG o.s.b.f.s.DefaultListableBeanFactory - [getSingleton] Creating shared instance of singleton bean 'viewNameTranslator'
2026-02-18 18:25:47.179 [main] DEBUG o.s.b.f.s.DefaultListableBeanFactory - [getSingleton] Creating shared instance of singleton bean 'mvcValidator'
2026-02-18 18:25:47.181 [main] DEBUG o.s.b.f.s.DefaultListableBeanFactory - [getSingleton] Creating shared instance of singleton bean 'mvcContentNegotiationManager'
2026-02-18 18:25:47.185 [main] DEBUG o.s.b.f.s.DefaultListableBeanFactory - [getSingleton] Creating shared instance of singleton bean 'requestMappingHandlerMapping'
2026-02-18 18:25:47.189 [main] DEBUG o.s.b.f.s.DefaultListableBeanFactory - [registerDependentBeans] Autowiring by type from bean name 'requestMappingHandlerMapping' via factory method to bean named 'mvcContentNegotiationManager'
2026-02-18 18:25:47.189 [main] DEBUG o.s.b.f.s.DefaultListableBeanFactory - [registerDependentBeans] Autowiring by type from bean name 'requestMappingHandlerMapping' via factory method to bean named 'mvcConversionService'
2026-02-18 18:25:47.190 [main] DEBUG o.s.b.f.s.DefaultListableBeanFactory - [registerDependentBeans] Autowiring by type from bean name 'requestMappingHandlerMapping' via factory method to bean named 'mvcResourceUrlProvider'
2026-02-18 18:25:47.225 [main] DEBUG _.s.w.s.HandlerMapping.Mappings - [detectHandlerMethods] 
	c.p.d.c.MainController:
	{POST [/api/main/scrubbing-logs]}: generate(JsonNode)
	{POST [/callback/fail]}: getCleverTapFailResponse(JsonNode)
	{POST [/callback/batch/header]}: getCallbackBatchHeader(Map,String)
	{POST [/callback/success]}: getCleverTapSuccessResponse(String)
	{POST [/callback/partial]}: getCleverTapPartialResponse(JsonNode)
	{GET [/api/main/scrubbing-logs]}: pingGenerate(String)
	{POST [/callback/batch]}: getCallbackBatch(String)
2026-02-18 18:25:47.251 [main] DEBUG _.s.w.s.HandlerMapping.Mappings - [detectHandlerMethods] 
	o.s.b.a.w.s.e.BasicErrorController:
	{ [/error]}: error(HttpServletRequest)
	{ [/error], produces [text/html]}: errorHtml(HttpServletRequest,HttpServletResponse)
2026-02-18 18:25:47.271 [main] DEBUG o.s.w.s.m.m.a.RequestMappingHandlerMapping - [handlerMethodsInitialized] 9 mappings in 'requestMappingHandlerMapping'
2026-02-18 18:25:47.272 [main] DEBUG o.s.b.f.s.DefaultListableBeanFactory - [getSingleton] Creating shared instance of singleton bean 'mvcPatternParser'
2026-02-18 18:25:47.273 [main] DEBUG o.s.b.f.s.DefaultListableBeanFactory - [getSingleton] Creating shared instance of singleton bean 'mvcUrlPathHelper'
2026-02-18 18:25:47.274 [main] DEBUG o.s.b.f.s.DefaultListableBeanFactory - [getSingleton] Creating shared instance of singleton bean 'mvcPathMatcher'
2026-02-18 18:25:47.275 [main] DEBUG o.s.b.f.s.DefaultListableBeanFactory - [getSingleton] Creating shared instance of singleton bean 'viewControllerHandlerMapping'
2026-02-18 18:25:47.276 [main] DEBUG o.s.b.f.s.DefaultListableBeanFactory - [registerDependentBeans] Autowiring by type from bean name 'viewControllerHandlerMapping' via factory method to bean named 'mvcConversionService'
2026-02-18 18:25:47.276 [main] DEBUG o.s.b.f.s.DefaultListableBeanFactory - [registerDependentBeans] Autowiring by type from bean name 'viewControllerHandlerMapping' via factory method to bean named 'mvcResourceUrlProvider'
2026-02-18 18:25:47.277 [main] DEBUG o.s.b.f.s.DefaultListableBeanFactory - [getSingleton] Creating shared instance of singleton bean 'beanNameHandlerMapping'
2026-02-18 18:25:47.278 [main] DEBUG o.s.b.f.s.DefaultListableBeanFactory - [registerDependentBeans] Autowiring by type from bean name 'beanNameHandlerMapping' via factory method to bean named 'mvcConversionService'
2026-02-18 18:25:47.278 [main] DEBUG o.s.b.f.s.DefaultListableBeanFactory - [registerDependentBeans] Autowiring by type from bean name 'beanNameHandlerMapping' via factory method to bean named 'mvcResourceUrlProvider'
2026-02-18 18:25:47.280 [main] DEBUG _.s.w.s.HandlerMapping.Mappings - [detectHandlers] 'beanNameHandlerMapping' {}
2026-02-18 18:25:47.281 [main] DEBUG o.s.b.f.s.DefaultListableBeanFactory - [getSingleton] Creating shared instance of singleton bean 'routerFunctionMapping'
2026-02-18 18:25:47.282 [main] DEBUG o.s.b.f.s.DefaultListableBeanFactory - [registerDependentBeans] Autowiring by type from bean name 'routerFunctionMapping' via factory method to bean named 'mvcConversionService'
2026-02-18 18:25:47.282 [main] DEBUG o.s.b.f.s.DefaultListableBeanFactory - [registerDependentBeans] Autowiring by type from bean name 'routerFunctionMapping' via factory method to bean named 'mvcResourceUrlProvider'
2026-02-18 18:25:47.285 [main] DEBUG o.s.b.f.s.DefaultListableBeanFactory - [getSingleton] Creating shared instance of singleton bean 'messageConverters'
2026-02-18 18:25:47.286 [main] DEBUG o.s.b.f.s.DefaultListableBeanFactory - [getSingleton] Creating shared instance of singleton bean 'org.springframework.boot.autoconfigure.http.HttpMessageConvertersAutoConfiguration'
2026-02-18 18:25:47.291 [main] DEBUG o.s.b.f.s.DefaultListableBeanFactory - [getSingleton] Creating shared instance of singleton bean 'stringHttpMessageConverter'
2026-02-18 18:25:47.291 [main] DEBUG o.s.b.f.s.DefaultListableBeanFactory - [getSingleton] Creating shared instance of singleton bean 'org.springframework.boot.autoconfigure.http.HttpMessageConvertersAutoConfiguration$StringHttpMessageConverterConfiguration'
2026-02-18 18:25:47.292 [main] DEBUG o.s.b.f.s.DefaultListableBeanFactory - [registerDependentBeans] Autowiring by type from bean name 'stringHttpMessageConverter' via factory method to bean named 'environment'
2026-02-18 18:25:47.302 [main] DEBUG o.s.b.f.s.DefaultListableBeanFactory - [getSingleton] Creating shared instance of singleton bean 'mappingJackson2HttpMessageConverter'
2026-02-18 18:25:47.303 [main] DEBUG o.s.b.f.s.DefaultListableBeanFactory - [getSingleton] Creating shared instance of singleton bean 'org.springframework.boot.autoconfigure.http.JacksonHttpMessageConvertersConfiguration$MappingJackson2HttpMessageConverterConfiguration'
2026-02-18 18:25:47.304 [main] DEBUG o.s.b.f.s.DefaultListableBeanFactory - [getSingleton] Creating shared instance of singleton bean 'jacksonObjectMapper'
2026-02-18 18:25:47.304 [main] DEBUG o.s.b.f.s.DefaultListableBeanFactory - [getSingleton] Creating shared instance of singleton bean 'org.springframework.boot.autoconfigure.jackson.JacksonAutoConfiguration$JacksonObjectMapperConfiguration'
2026-02-18 18:25:47.305 [main] DEBUG o.s.b.f.s.DefaultListableBeanFactory - [getSingleton] Creating shared instance of singleton bean 'org.springframework.boot.autoconfigure.jackson.JacksonAutoConfiguration$JacksonObjectMapperBuilderConfiguration'
2026-02-18 18:25:47.306 [main] DEBUG o.s.b.f.s.DefaultListableBeanFactory - [getSingleton] Creating shared instance of singleton bean 'standardJacksonObjectMapperBuilderCustomizer'
2026-02-18 18:25:47.306 [main] DEBUG o.s.b.f.s.DefaultListableBeanFactory - [getSingleton] Creating shared instance of singleton bean 'org.springframework.boot.autoconfigure.jackson.JacksonAutoConfiguration$Jackson2ObjectMapperBuilderCustomizerConfiguration'
2026-02-18 18:25:47.307 [main] DEBUG o.s.b.f.s.DefaultListableBeanFactory - [getSingleton] Creating shared instance of singleton bean 'spring.jackson-org.springframework.boot.autoconfigure.jackson.JacksonProperties'
2026-02-18 18:25:47.310 [main] DEBUG o.s.b.f.s.DefaultListableBeanFactory - [registerDependentBeans] Autowiring by type from bean name 'standardJacksonObjectMapperBuilderCustomizer' via factory method to bean named 'spring.jackson-org.springframework.boot.autoconfigure.jackson.JacksonProperties'
2026-02-18 18:25:47.314 [main] DEBUG o.s.b.f.s.DefaultListableBeanFactory - [getSingleton] Creating shared instance of singleton bean 'parameterNamesModule'
2026-02-18 18:25:47.315 [main] DEBUG o.s.b.f.s.DefaultListableBeanFactory - [getSingleton] Creating shared instance of singleton bean 'org.springframework.boot.autoconfigure.jackson.JacksonAutoConfiguration$ParameterNamesModuleConfiguration'
2026-02-18 18:25:47.319 [main] DEBUG o.s.b.f.s.DefaultListableBeanFactory - [getSingleton] Creating shared instance of singleton bean 'jsonMixinModule'
2026-02-18 18:25:47.319 [main] DEBUG o.s.b.f.s.DefaultListableBeanFactory - [getSingleton] Creating shared instance of singleton bean 'org.springframework.boot.autoconfigure.jackson.JacksonAutoConfiguration$JacksonMixinConfiguration'
2026-02-18 18:25:47.320 [main] DEBUG o.s.b.f.s.DefaultListableBeanFactory - [getSingleton] Creating shared instance of singleton bean 'jsonMixinModuleEntries'
2026-02-18 18:25:47.321 [main] DEBUG o.s.b.f.s.DefaultListableBeanFactory - [registerDependentBeans] Autowiring by type from bean name 'jsonMixinModuleEntries' via factory method to bean named 'org.springframework.web.context.support.GenericWebApplicationContext@7fedfe27'
2026-02-18 18:25:47.323 [main] DEBUG o.s.b.a.AutoConfigurationPackages - [get] @EnableAutoConfiguration was declared on a class in the package 'com.pinnacle.dummyServlet'. Automatic @Repository and @Entity scanning is enabled.
2026-02-18 18:25:47.330 [main] DEBUG o.s.b.f.s.DefaultListableBeanFactory - [registerDependentBeans] Autowiring by type from bean name 'jsonMixinModule' via factory method to bean named 'org.springframework.web.context.support.GenericWebApplicationContext@7fedfe27'
2026-02-18 18:25:47.333 [main] DEBUG o.s.b.f.s.DefaultListableBeanFactory - [registerDependentBeans] Autowiring by type from bean name 'jsonMixinModule' via factory method to bean named 'jsonMixinModuleEntries'
2026-02-18 18:25:47.336 [main] DEBUG o.s.b.f.s.DefaultListableBeanFactory - [getSingleton] Creating shared instance of singleton bean 'jsonComponentModule'
2026-02-18 18:25:47.336 [main] DEBUG o.s.b.f.s.DefaultListableBeanFactory - [getSingleton] Creating shared instance of singleton bean 'org.springframework.boot.autoconfigure.jackson.JacksonAutoConfiguration'
2026-02-18 18:25:47.341 [main] DEBUG o.s.b.f.s.DefaultListableBeanFactory - [registerDependentBeans] Autowiring by type from bean name 'jacksonObjectMapperBuilder' via factory method to bean named 'org.springframework.web.context.support.GenericWebApplicationContext@7fedfe27'
2026-02-18 18:25:47.342 [main] DEBUG o.s.b.f.s.DefaultListableBeanFactory - [registerDependentBeans] Autowiring by type from bean name 'jacksonObjectMapperBuilder' via factory method to bean named 'standardJacksonObjectMapperBuilderCustomizer'
2026-02-18 18:25:47.347 [main] DEBUG o.s.b.f.s.DefaultListableBeanFactory - [registerDependentBeans] Autowiring by type from bean name 'jacksonObjectMapper' via factory method to bean named 'jacksonObjectMapperBuilder'
2026-02-18 18:25:47.365 [main] DEBUG o.s.b.f.s.DefaultListableBeanFactory - [registerDependentBeans] Autowiring by type from bean name 'mappingJackson2HttpMessageConverter' via factory method to bean named 'jacksonObjectMapper'
2026-02-18 18:25:47.378 [main] DEBUG o.s.b.f.s.DefaultListableBeanFactory - [getSingleton] Creating shared instance of singleton bean 'resourceHandlerMapping'
2026-02-18 18:25:47.379 [main] DEBUG o.s.b.f.s.DefaultListableBeanFactory - [registerDependentBeans] Autowiring by type from bean name 'resourceHandlerMapping' via factory method to bean named 'mvcContentNegotiationManager'
2026-02-18 18:25:47.379 [main] DEBUG o.s.b.f.s.DefaultListableBeanFactory - [registerDependentBeans] Autowiring by type from bean name 'resourceHandlerMapping' via factory method to bean named 'mvcConversionService'
2026-02-18 18:25:47.380 [main] DEBUG o.s.b.f.s.DefaultListableBeanFactory - [registerDependentBeans] Autowiring by type from bean name 'resourceHandlerMapping' via factory method to bean named 'mvcResourceUrlProvider'
2026-02-18 18:25:47.435 [main] DEBUG _.s.w.s.HandlerMapping.Mappings - [logMappings] 'resourceHandlerMapping' {/webjars/**=ResourceHttpRequestHandler [classpath [META-INF/resources/webjars/]], /**=ResourceHttpRequestHandler [classpath [META-INF/resources/], classpath [resources/], classpath [static/], classpath [public/], ServletContext [/]]}
2026-02-18 18:25:47.435 [main] DEBUG o.s.b.f.s.DefaultListableBeanFactory - [getSingleton] Creating shared instance of singleton bean 'defaultServletHandlerMapping'
2026-02-18 18:25:47.435 [main] DEBUG o.s.b.f.s.DefaultListableBeanFactory - [getSingleton] Creating shared instance of singleton bean 'requestMappingHandlerAdapter'
2026-02-18 18:25:47.435 [main] DEBUG o.s.b.f.s.DefaultListableBeanFactory - [registerDependentBeans] Autowiring by type from bean name 'requestMappingHandlerAdapter' via factory method to bean named 'mvcContentNegotiationManager'
2026-02-18 18:25:47.435 [main] DEBUG o.s.b.f.s.DefaultListableBeanFactory - [registerDependentBeans] Autowiring by type from bean name 'requestMappingHandlerAdapter' via factory method to bean named 'mvcConversionService'
2026-02-18 18:25:47.435 [main] DEBUG o.s.b.f.s.DefaultListableBeanFactory - [registerDependentBeans] Autowiring by type from bean name 'requestMappingHandlerAdapter' via factory method to bean named 'mvcValidator'
2026-02-18 18:25:47.453 [main] DEBUG o.s.w.s.m.m.a.RequestMappingHandlerAdapter - [initControllerAdviceCache] ControllerAdvice beans: 0 @ModelAttribute, 0 @InitBinder, 1 RequestBodyAdvice, 1 ResponseBodyAdvice
2026-02-18 18:25:47.491 [main] DEBUG o.s.b.f.s.DefaultListableBeanFactory - [getSingleton] Creating shared instance of singleton bean 'mvcViewResolver'
2026-02-18 18:25:47.494 [main] DEBUG o.s.b.f.s.DefaultListableBeanFactory - [registerDependentBeans] Autowiring by type from bean name 'mvcViewResolver' via factory method to bean named 'mvcContentNegotiationManager'
2026-02-18 18:25:47.494 [main] DEBUG o.s.b.f.s.DefaultListableBeanFactory - [getSingleton] Creating shared instance of singleton bean 'defaultViewResolver'
2026-02-18 18:25:47.494 [main] DEBUG o.s.b.f.s.DefaultListableBeanFactory - [getSingleton] Creating shared instance of singleton bean 'viewResolver'
2026-02-18 18:25:47.494 [main] DEBUG o.s.b.f.s.DefaultListableBeanFactory - [registerDependentBeans] Autowiring by type from bean name 'viewResolver' via factory method to bean named 'org.springframework.beans.factory.support.DefaultListableBeanFactory@2715644a'
2026-02-18 18:25:47.510 [main] DEBUG o.s.b.f.s.DefaultListableBeanFactory - [getSingleton] Creating shared instance of singleton bean 'viewResolver'
2026-02-18 18:25:47.531 [main] DEBUG o.s.b.f.s.DefaultListableBeanFactory - [getSingleton] Creating shared instance of singleton bean 'handlerFunctionAdapter'
2026-02-18 18:25:47.536 [main] DEBUG o.s.b.f.s.DefaultListableBeanFactory - [getSingleton] Creating shared instance of singleton bean 'mvcUriComponentsContributor'
2026-02-18 18:25:47.537 [main] DEBUG o.s.b.f.s.DefaultListableBeanFactory - [registerDependentBeans] Autowiring by type from bean name 'mvcUriComponentsContributor' via factory method to bean named 'mvcConversionService'
2026-02-18 18:25:47.538 [main] DEBUG o.s.b.f.s.DefaultListableBeanFactory - [registerDependentBeans] Autowiring by type from bean name 'mvcUriComponentsContributor' via factory method to bean named 'requestMappingHandlerAdapter'
2026-02-18 18:25:47.543 [main] DEBUG o.s.b.f.s.DefaultListableBeanFactory - [getSingleton] Creating shared instance of singleton bean 'httpRequestHandlerAdapter'
2026-02-18 18:25:47.544 [main] DEBUG o.s.b.f.s.DefaultListableBeanFactory - [getSingleton] Creating shared instance of singleton bean 'simpleControllerHandlerAdapter'
2026-02-18 18:25:47.545 [main] DEBUG o.s.b.f.s.DefaultListableBeanFactory - [getSingleton] Creating shared instance of singleton bean 'handlerExceptionResolver'
2026-02-18 18:25:47.545 [main] DEBUG o.s.b.f.s.DefaultListableBeanFactory - [registerDependentBeans] Autowiring by type from bean name 'handlerExceptionResolver' via factory method to bean named 'mvcContentNegotiationManager'
2026-02-18 18:25:47.551 [main] DEBUG o.s.w.s.m.m.a.ExceptionHandlerExceptionResolver - [initExceptionHandlerAdviceCache] ControllerAdvice beans: 0 @ExceptionHandler, 1 ResponseBodyAdvice
2026-02-18 18:25:47.561 [main] DEBUG o.s.b.f.s.DefaultListableBeanFactory - [getSingleton] Creating shared instance of singleton bean 'requestContextFilter'
2026-02-18 18:25:47.570 [main] DEBUG o.s.b.f.s.DefaultListableBeanFactory - [getSingleton] Creating shared instance of singleton bean 'org.springframework.boot.autoconfigure.web.servlet.WebMvcAutoConfiguration'
2026-02-18 18:25:47.571 [main] DEBUG o.s.b.f.s.DefaultListableBeanFactory - [getSingleton] Creating shared instance of singleton bean 'formContentFilter'
2026-02-18 18:25:47.576 [main] DEBUG o.s.b.f.s.DefaultListableBeanFactory - [getSingleton] Creating shared instance of singleton bean 'org.springframework.boot.autoconfigure.aop.AopAutoConfiguration$ClassProxyingConfiguration'
2026-02-18 18:25:47.578 [main] DEBUG o.s.b.f.s.DefaultListableBeanFactory - [getSingleton] Creating shared instance of singleton bean 'org.springframework.boot.autoconfigure.aop.AopAutoConfiguration'
2026-02-18 18:25:47.578 [main] DEBUG o.s.b.f.s.DefaultListableBeanFactory - [getSingleton] Creating shared instance of singleton bean 'org.springframework.boot.autoconfigure.availability.ApplicationAvailabilityAutoConfiguration'
2026-02-18 18:25:47.579 [main] DEBUG o.s.b.f.s.DefaultListableBeanFactory - [getSingleton] Creating shared instance of singleton bean 'applicationAvailability'
2026-02-18 18:25:47.582 [main] DEBUG o.s.b.f.s.DefaultListableBeanFactory - [getSingleton] Creating shared instance of singleton bean 'org.springframework.boot.autoconfigure.context.ConfigurationPropertiesAutoConfiguration'
2026-02-18 18:25:47.583 [main] DEBUG o.s.b.f.s.DefaultListableBeanFactory - [getSingleton] Creating shared instance of singleton bean 'org.springframework.boot.autoconfigure.context.LifecycleAutoConfiguration'
2026-02-18 18:25:47.584 [main] DEBUG o.s.b.f.s.DefaultListableBeanFactory - [getSingleton] Creating shared instance of singleton bean 'lifecycleProcessor'
2026-02-18 18:25:47.585 [main] DEBUG o.s.b.f.s.DefaultListableBeanFactory - [getSingleton] Creating shared instance of singleton bean 'spring.lifecycle-org.springframework.boot.autoconfigure.context.LifecycleProperties'
2026-02-18 18:25:47.586 [main] DEBUG o.s.b.f.s.DefaultListableBeanFactory - [registerDependentBeans] Autowiring by type from bean name 'lifecycleProcessor' via factory method to bean named 'spring.lifecycle-org.springframework.boot.autoconfigure.context.LifecycleProperties'
2026-02-18 18:25:47.588 [main] DEBUG o.s.b.f.s.DefaultListableBeanFactory - [getSingleton] Creating shared instance of singleton bean 'org.springframework.boot.autoconfigure.http.JacksonHttpMessageConvertersConfiguration'
2026-02-18 18:25:47.590 [main] DEBUG o.s.b.f.s.DefaultListableBeanFactory - [getSingleton] Creating shared instance of singleton bean 'org.springframework.boot.autoconfigure.http.client.HttpClientAutoConfiguration'
2026-02-18 18:25:47.592 [main] DEBUG o.s.b.f.s.DefaultListableBeanFactory - [getSingleton] Creating shared instance of singleton bean 'spring.http.client-org.springframework.boot.autoconfigure.http.client.HttpClientProperties'
2026-02-18 18:25:47.595 [main] DEBUG o.s.b.f.s.DefaultListableBeanFactory - [registerDependentBeans] Autowiring by type from bean name 'org.springframework.boot.autoconfigure.http.client.HttpClientAutoConfiguration' via constructor to bean named 'spring.http.client-org.springframework.boot.autoconfigure.http.client.HttpClientProperties'
2026-02-18 18:25:47.597 [main] DEBUG o.s.b.f.s.DefaultListableBeanFactory - [getSingleton] Creating shared instance of singleton bean 'clientHttpRequestFactoryBuilder'
2026-02-18 18:25:47.619 [main] DEBUG o.s.b.f.s.DefaultListableBeanFactory - [getSingleton] Creating shared instance of singleton bean 'clientHttpRequestFactorySettings'
2026-02-18 18:25:47.619 [main] DEBUG o.s.b.f.s.DefaultListableBeanFactory - [getSingleton] Creating shared instance of singleton bean 'org.springframework.boot.autoconfigure.info.ProjectInfoAutoConfiguration'
2026-02-18 18:25:47.635 [main] DEBUG o.s.b.f.s.DefaultListableBeanFactory - [getSingleton] Creating shared instance of singleton bean 'spring.info-org.springframework.boot.autoconfigure.info.ProjectInfoProperties'
2026-02-18 18:25:47.641 [main] DEBUG o.s.b.f.s.DefaultListableBeanFactory - [registerDependentBeans] Autowiring by type from bean name 'org.springframework.boot.autoconfigure.info.ProjectInfoAutoConfiguration' via constructor to bean named 'spring.info-org.springframework.boot.autoconfigure.info.ProjectInfoProperties'
2026-02-18 18:25:47.641 [main] DEBUG o.s.b.f.s.DefaultListableBeanFactory - [getSingleton] Creating shared instance of singleton bean 'org.springframework.boot.autoconfigure.sql.init.SqlInitializationAutoConfiguration'
2026-02-18 18:25:47.641 [main] DEBUG o.s.b.f.s.DefaultListableBeanFactory - [getSingleton] Creating shared instance of singleton bean 'spring.sql.init-org.springframework.boot.autoconfigure.sql.init.SqlInitializationProperties'
2026-02-18 18:25:47.645 [main] DEBUG o.s.b.f.s.DefaultListableBeanFactory - [getSingleton] Creating shared instance of singleton bean 'org.springframework.boot.autoconfigure.task.TaskSchedulingConfigurations$ThreadPoolTaskSchedulerBuilderConfiguration'
2026-02-18 18:25:47.645 [main] DEBUG o.s.b.f.s.DefaultListableBeanFactory - [getSingleton] Creating shared instance of singleton bean 'threadPoolTaskSchedulerBuilder'
2026-02-18 18:25:47.645 [main] DEBUG o.s.b.f.s.DefaultListableBeanFactory - [getSingleton] Creating shared instance of singleton bean 'spring.task.scheduling-org.springframework.boot.autoconfigure.task.TaskSchedulingProperties'
2026-02-18 18:25:47.651 [main] DEBUG o.s.b.f.s.DefaultListableBeanFactory - [registerDependentBeans] Autowiring by type from bean name 'threadPoolTaskSchedulerBuilder' via factory method to bean named 'spring.task.scheduling-org.springframework.boot.autoconfigure.task.TaskSchedulingProperties'
2026-02-18 18:25:47.656 [main] DEBUG o.s.b.f.s.DefaultListableBeanFactory - [getSingleton] Creating shared instance of singleton bean 'org.springframework.boot.autoconfigure.task.TaskSchedulingConfigurations$SimpleAsyncTaskSchedulerBuilderConfiguration'
2026-02-18 18:25:47.659 [main] DEBUG o.s.b.f.s.DefaultListableBeanFactory - [registerDependentBeans] Autowiring by type from bean name 'org.springframework.boot.autoconfigure.task.TaskSchedulingConfigurations$SimpleAsyncTaskSchedulerBuilderConfiguration' via constructor to bean named 'spring.task.scheduling-org.springframework.boot.autoconfigure.task.TaskSchedulingProperties'
2026-02-18 18:25:47.661 [main] DEBUG o.s.b.f.s.DefaultListableBeanFactory - [getSingleton] Creating shared instance of singleton bean 'simpleAsyncTaskSchedulerBuilder'
2026-02-18 18:25:47.669 [main] DEBUG o.s.b.f.s.DefaultListableBeanFactory - [getSingleton] Creating shared instance of singleton bean 'org.springframework.boot.autoconfigure.task.TaskSchedulingAutoConfiguration'
2026-02-18 18:25:47.669 [main] DEBUG o.s.b.f.s.DefaultListableBeanFactory - [getSingleton] Creating shared instance of singleton bean 'org.springframework.boot.autoconfigure.web.client.RestClientAutoConfiguration'
2026-02-18 18:25:47.669 [main] DEBUG o.s.b.f.s.DefaultListableBeanFactory - [getSingleton] Creating shared instance of singleton bean 'httpMessageConvertersRestClientCustomizer'
2026-02-18 18:25:47.669 [main] DEBUG o.s.b.f.s.DefaultListableBeanFactory - [getSingleton] Creating shared instance of singleton bean 'restClientSsl'
2026-02-18 18:25:47.669 [main] DEBUG o.s.b.f.s.DefaultListableBeanFactory - [registerDependentBeans] Autowiring by type from bean name 'restClientSsl' via factory method to bean named 'sslBundleRegistry'
2026-02-18 18:25:47.669 [main] DEBUG o.s.b.f.s.DefaultListableBeanFactory - [getSingleton] Creating shared instance of singleton bean 'restClientBuilderConfigurer'
2026-02-18 18:25:47.669 [main] DEBUG o.s.b.f.s.DefaultListableBeanFactory - [getSingleton] Creating shared instance of singleton bean 'org.springframework.boot.autoconfigure.web.client.RestTemplateAutoConfiguration'
2026-02-18 18:25:47.683 [main] DEBUG o.s.b.f.s.DefaultListableBeanFactory - [getSingleton] Creating shared instance of singleton bean 'characterEncodingFilter'
2026-02-18 18:25:47.685 [main] DEBUG o.s.b.f.s.DefaultListableBeanFactory - [getSingleton] Creating shared instance of singleton bean 'multipartResolver'
2026-02-18 18:25:47.711 [main] DEBUG o.s.c.s.DefaultLifecycleProcessor - [start] Starting beans in phase -2147483647
2026-02-18 18:25:47.712 [main] DEBUG o.s.c.s.DefaultLifecycleProcessor - [doStart] Successfully started bean 'springBootLoggingLifecycle'
2026-02-18 18:25:47.712 [main] DEBUG o.s.c.s.DefaultLifecycleProcessor - [start] Starting beans in phase 1073741823
2026-02-18 18:25:47.763 [main] DEBUG o.s.b.a.l.ConditionEvaluationReportLogger - [logReport] 


============================
CONDITIONS EVALUATION REPORT
============================


Positive matches:
-----------------

   AopAutoConfiguration matched:
      - @ConditionalOnBooleanProperty (spring.aop.auto=true) matched (OnPropertyCondition)

   AopAutoConfiguration.ClassProxyingConfiguration matched:
      - @ConditionalOnMissingClass did not find unwanted class 'org.aspectj.weaver.Advice' (OnClassCondition)
      - @ConditionalOnBooleanProperty (spring.aop.proxy-target-class=true) matched (OnPropertyCondition)

   ApplicationAvailabilityAutoConfiguration#applicationAvailability matched:
      - @ConditionalOnMissingBean (types: org.springframework.boot.availability.ApplicationAvailability; SearchStrategy: all) did not find any beans (OnBeanCondition)

   DispatcherServletAutoConfiguration matched:
      - @ConditionalOnClass found required class 'org.springframework.web.servlet.DispatcherServlet' (OnClassCondition)
      - found 'session' scope (OnWebApplicationCondition)

   DispatcherServletAutoConfiguration.DispatcherServletConfiguration matched:
      - @ConditionalOnClass found required class 'jakarta.servlet.ServletRegistration' (OnClassCondition)
      - Default DispatcherServlet did not find dispatcher servlet beans (DispatcherServletAutoConfiguration.DefaultDispatcherServletCondition)

   DispatcherServletAutoConfiguration.DispatcherServletRegistrationConfiguration matched:
      - @ConditionalOnClass found required class 'jakarta.servlet.ServletRegistration' (OnClassCondition)
      - DispatcherServlet Registration did not find servlet registration bean (DispatcherServletAutoConfiguration.DispatcherServletRegistrationCondition)

   DispatcherServletAutoConfiguration.DispatcherServletRegistrationConfiguration#dispatcherServletRegistration matched:
      - @ConditionalOnBean (names: dispatcherServlet types: org.springframework.web.servlet.DispatcherServlet; SearchStrategy: all) found bean 'dispatcherServlet' (OnBeanCondition)

   ErrorMvcAutoConfiguration matched:
      - @ConditionalOnClass found required classes 'jakarta.servlet.Servlet', 'org.springframework.web.servlet.DispatcherServlet' (OnClassCondition)
      - found 'session' scope (OnWebApplicationCondition)

   ErrorMvcAutoConfiguration#basicErrorController matched:
      - @ConditionalOnMissingBean (types: org.springframework.boot.web.servlet.error.ErrorController; SearchStrategy: current) did not find any beans (OnBeanCondition)

   ErrorMvcAutoConfiguration#errorAttributes matched:
      - @ConditionalOnMissingBean (types: org.springframework.boot.web.servlet.error.ErrorAttributes; SearchStrategy: current) did not find any beans (OnBeanCondition)

   ErrorMvcAutoConfiguration.DefaultErrorViewResolverConfiguration#conventionErrorViewResolver matched:
      - @ConditionalOnBean (types: org.springframework.web.servlet.DispatcherServlet; SearchStrategy: all) found bean 'dispatcherServlet'; @ConditionalOnMissingBean (types: org.springframework.boot.autoconfigure.web.servlet.error.ErrorViewResolver; SearchStrategy: all) did not find any beans (OnBeanCondition)

   ErrorMvcAutoConfiguration.WhitelabelErrorViewConfiguration matched:
      - @ConditionalOnBooleanProperty (server.error.whitelabel.enabled=true) matched (OnPropertyCondition)
      - ErrorTemplate Missing did not find error template view (ErrorMvcAutoConfiguration.ErrorTemplateMissingCondition)

   ErrorMvcAutoConfiguration.WhitelabelErrorViewConfiguration#beanNameViewResolver matched:
      - @ConditionalOnMissingBean (types: org.springframework.web.servlet.view.BeanNameViewResolver; SearchStrategy: all) did not find any beans (OnBeanCondition)

   ErrorMvcAutoConfiguration.WhitelabelErrorViewConfiguration#defaultErrorView matched:
      - @ConditionalOnMissingBean (names: error; SearchStrategy: all) did not find any beans (OnBeanCondition)

   GenericCacheConfiguration matched:
      - Cache org.springframework.boot.autoconfigure.cache.GenericCacheConfiguration automatic cache type (CacheCondition)

   HttpClientAutoConfiguration matched:
      - @ConditionalOnClass found required class 'org.springframework.http.client.ClientHttpRequestFactory' (OnClassCondition)
      - NoneNestedConditions 0 matched 1 did not; NestedCondition on NotReactiveWebApplicationCondition.ReactiveWebApplication did not find reactive web application classes (NotReactiveWebApplicationCondition)

   HttpClientAutoConfiguration#clientHttpRequestFactoryBuilder matched:
      - @ConditionalOnMissingBean (types: org.springframework.boot.http.client.ClientHttpRequestFactoryBuilder<?>; SearchStrategy: all) did not find any beans (OnBeanCondition)

   HttpClientAutoConfiguration#clientHttpRequestFactorySettings matched:
      - @ConditionalOnMissingBean (types: org.springframework.boot.http.client.ClientHttpRequestFactorySettings; SearchStrategy: all) did not find any beans (OnBeanCondition)

   HttpEncodingAutoConfiguration matched:
      - @ConditionalOnClass found required class 'org.springframework.web.filter.CharacterEncodingFilter' (OnClassCondition)
      - found 'session' scope (OnWebApplicationCondition)
      - @ConditionalOnBooleanProperty (server.servlet.encoding.enabled=true) matched (OnPropertyCondition)

   HttpEncodingAutoConfiguration#characterEncodingFilter matched:
      - @ConditionalOnMissingBean (types: org.springframework.web.filter.CharacterEncodingFilter; SearchStrategy: all) did not find any beans (OnBeanCondition)

   HttpMessageConvertersAutoConfiguration matched:
      - @ConditionalOnClass found required class 'org.springframework.http.converter.HttpMessageConverter' (OnClassCondition)
      - NoneNestedConditions 0 matched 1 did not; NestedCondition on HttpMessageConvertersAutoConfiguration.NotReactiveWebApplicationCondition.ReactiveWebApplication did not find reactive web application classes (HttpMessageConvertersAutoConfiguration.NotReactiveWebApplicationCondition)

   HttpMessageConvertersAutoConfiguration#messageConverters matched:
      - @ConditionalOnMissingBean (types: org.springframework.boot.autoconfigure.http.HttpMessageConverters; SearchStrategy: all) did not find any beans (OnBeanCondition)

   HttpMessageConvertersAutoConfiguration.StringHttpMessageConverterConfiguration matched:
      - @ConditionalOnClass found required class 'org.springframework.http.converter.StringHttpMessageConverter' (OnClassCondition)

   HttpMessageConvertersAutoConfiguration.StringHttpMessageConverterConfiguration#stringHttpMessageConverter matched:
      - @ConditionalOnMissingBean (types: org.springframework.http.converter.StringHttpMessageConverter; SearchStrategy: all) did not find any beans (OnBeanCondition)

   JacksonAutoConfiguration matched:
      - @ConditionalOnClass found required class 'com.fasterxml.jackson.databind.ObjectMapper' (OnClassCondition)

   JacksonAutoConfiguration.Jackson2ObjectMapperBuilderCustomizerConfiguration matched:
      - @ConditionalOnClass found required class 'org.springframework.http.converter.json.Jackson2ObjectMapperBuilder' (OnClassCondition)

   JacksonAutoConfiguration.JacksonObjectMapperBuilderConfiguration matched:
      - @ConditionalOnClass found required class 'org.springframework.http.converter.json.Jackson2ObjectMapperBuilder' (OnClassCondition)

   JacksonAutoConfiguration.JacksonObjectMapperBuilderConfiguration#jacksonObjectMapperBuilder matched:
      - @ConditionalOnMissingBean (types: org.springframework.http.converter.json.Jackson2ObjectMapperBuilder; SearchStrategy: all) did not find any beans (OnBeanCondition)

   JacksonAutoConfiguration.JacksonObjectMapperConfiguration matched:
      - @ConditionalOnClass found required class 'org.springframework.http.converter.json.Jackson2ObjectMapperBuilder' (OnClassCondition)

   JacksonAutoConfiguration.JacksonObjectMapperConfiguration#jacksonObjectMapper matched:
      - @ConditionalOnMissingBean (types: com.fasterxml.jackson.databind.ObjectMapper; SearchStrategy: all) did not find any beans (OnBeanCondition)

   JacksonAutoConfiguration.ParameterNamesModuleConfiguration matched:
      - @ConditionalOnClass found required class 'com.fasterxml.jackson.module.paramnames.ParameterNamesModule' (OnClassCondition)

   JacksonAutoConfiguration.ParameterNamesModuleConfiguration#parameterNamesModule matched:
      - @ConditionalOnMissingBean (types: com.fasterxml.jackson.module.paramnames.ParameterNamesModule; SearchStrategy: all) did not find any beans (OnBeanCondition)

   JacksonHttpMessageConvertersConfiguration.MappingJackson2HttpMessageConverterConfiguration matched:
      - @ConditionalOnClass found required class 'com.fasterxml.jackson.databind.ObjectMapper' (OnClassCondition)
      - @ConditionalOnPreferredJsonMapper JACKSON no property was configured and Jackson is the default (OnPreferredJsonMapperCondition)
      - @ConditionalOnBean (types: com.fasterxml.jackson.databind.ObjectMapper; SearchStrategy: all) found bean 'jacksonObjectMapper' (OnBeanCondition)

   JacksonHttpMessageConvertersConfiguration.MappingJackson2HttpMessageConverterConfiguration#mappingJackson2HttpMessageConverter matched:
      - @ConditionalOnMissingBean (types: org.springframework.http.converter.json.MappingJackson2HttpMessageConverter ignored: ?; SearchStrategy: all) did not find any beans (OnBeanCondition)

   LifecycleAutoConfiguration#defaultLifecycleProcessor matched:
      - @ConditionalOnMissingBean (names: lifecycleProcessor; SearchStrategy: current) did not find any beans (OnBeanCondition)

   MultipartAutoConfiguration matched:
      - @ConditionalOnClass found required classes 'jakarta.servlet.Servlet', 'org.springframework.web.multipart.support.StandardServletMultipartResolver', 'jakarta.servlet.MultipartConfigElement' (OnClassCondition)
      - found 'session' scope (OnWebApplicationCondition)
      - @ConditionalOnBooleanProperty (spring.servlet.multipart.enabled=true) matched (OnPropertyCondition)

   MultipartAutoConfiguration#multipartConfigElement matched:
      - @ConditionalOnMissingBean (types: jakarta.servlet.MultipartConfigElement; SearchStrategy: all) did not find any beans (OnBeanCondition)

   MultipartAutoConfiguration#multipartResolver matched:
      - @ConditionalOnMissingBean (types: org.springframework.web.multipart.MultipartResolver; SearchStrategy: all) did not find any beans (OnBeanCondition)

   NoOpCacheConfiguration matched:
      - Cache org.springframework.boot.autoconfigure.cache.NoOpCacheConfiguration automatic cache type (CacheCondition)

   PropertyPlaceholderAutoConfiguration#propertySourcesPlaceholderConfigurer matched:
      - @ConditionalOnMissingBean (types: org.springframework.context.support.PropertySourcesPlaceholderConfigurer; SearchStrategy: current) did not find any beans (OnBeanCondition)

   RestClientAutoConfiguration matched:
      - @ConditionalOnClass found required class 'org.springframework.web.client.RestClient' (OnClassCondition)
      - AnyNestedCondition 1 matched 1 did not; NestedCondition on NotReactiveWebApplicationOrVirtualThreadsExecutorEnabledCondition.VirtualThreadsExecutorEnabled found non-matching nested conditions @ConditionalOnThreading did not find VIRTUAL; NestedCondition on NotReactiveWebApplicationOrVirtualThreadsExecutorEnabledCondition.NotReactiveWebApplication NoneNestedConditions 0 matched 1 did not; NestedCondition on NotReactiveWebApplicationCondition.ReactiveWebApplication did not find reactive web application classes (NotReactiveWebApplicationOrVirtualThreadsExecutorEnabledCondition)

   RestClientAutoConfiguration#httpMessageConvertersRestClientCustomizer matched:
      - @ConditionalOnMissingBean (types: org.springframework.boot.autoconfigure.web.client.HttpMessageConvertersRestClientCustomizer; SearchStrategy: all) did not find any beans (OnBeanCondition)

   RestClientAutoConfiguration#restClientBuilder matched:
      - @ConditionalOnMissingBean (types: org.springframework.web.client.RestClient$Builder; SearchStrategy: all) did not find any beans (OnBeanCondition)

   RestClientAutoConfiguration#restClientBuilderConfigurer matched:
      - @ConditionalOnMissingBean (types: org.springframework.boot.autoconfigure.web.client.RestClientBuilderConfigurer; SearchStrategy: all) did not find any beans (OnBeanCondition)

   RestClientAutoConfiguration#restClientSsl matched:
      - @ConditionalOnBean (types: org.springframework.boot.ssl.SslBundles; SearchStrategy: all) found bean 'sslBundleRegistry'; @ConditionalOnMissingBean (types: org.springframework.boot.autoconfigure.web.client.RestClientSsl; SearchStrategy: all) did not find any beans (OnBeanCondition)

   RestTemplateAutoConfiguration matched:
      - @ConditionalOnClass found required class 'org.springframework.web.client.RestTemplate' (OnClassCondition)
      - NoneNestedConditions 0 matched 1 did not; NestedCondition on NotReactiveWebApplicationCondition.ReactiveWebApplication did not find reactive web application classes (NotReactiveWebApplicationCondition)

   RestTemplateAutoConfiguration#restTemplateBuilder matched:
      - @ConditionalOnMissingBean (types: org.springframework.boot.web.client.RestTemplateBuilder; SearchStrategy: all) did not find any beans (OnBeanCondition)

   ServletWebServerFactoryAutoConfiguration matched:
      - @ConditionalOnClass found required class 'jakarta.servlet.ServletRequest' (OnClassCondition)
      - found 'session' scope (OnWebApplicationCondition)

   ServletWebServerFactoryAutoConfiguration#tomcatServletWebServerFactoryCustomizer matched:
      - @ConditionalOnClass found required class 'org.apache.catalina.startup.Tomcat' (OnClassCondition)

   ServletWebServerFactoryConfiguration.EmbeddedTomcat matched:
      - @ConditionalOnClass found required classes 'jakarta.servlet.Servlet', 'org.apache.catalina.startup.Tomcat', 'org.apache.coyote.UpgradeProtocol' (OnClassCondition)
      - @ConditionalOnMissingBean (types: org.springframework.boot.web.servlet.server.ServletWebServerFactory; SearchStrategy: current) did not find any beans (OnBeanCondition)

   SimpleCacheConfiguration matched:
      - Cache org.springframework.boot.autoconfigure.cache.SimpleCacheConfiguration automatic cache type (CacheCondition)

   SqlInitializationAutoConfiguration matched:
      - @ConditionalOnBooleanProperty (spring.sql.init.enabled=true) matched (OnPropertyCondition)
      - NoneNestedConditions 0 matched 1 did not; NestedCondition on SqlInitializationAutoConfiguration.SqlInitializationModeCondition.ModeIsNever @ConditionalOnProperty (spring.sql.init.mode=never) did not find property 'spring.sql.init.mode' (SqlInitializationAutoConfiguration.SqlInitializationModeCondition)

   SslAutoConfiguration#sslBundleRegistry matched:
      - @ConditionalOnMissingBean (types: org.springframework.boot.ssl.SslBundleRegistry,org.springframework.boot.ssl.SslBundles; SearchStrategy: all) did not find any beans (OnBeanCondition)

   TaskExecutionAutoConfiguration matched:
      - @ConditionalOnClass found required class 'org.springframework.scheduling.concurrent.ThreadPoolTaskExecutor' (OnClassCondition)

   TaskExecutorConfigurations.AsyncConfigurerConfiguration matched:
      - @ConditionalOnMissingBean (types: org.springframework.scheduling.annotation.AsyncConfigurer; SearchStrategy: all) did not find any beans (OnBeanCondition)

   TaskExecutorConfigurations.AsyncConfigurerConfiguration#applicationTaskExecutorAsyncConfigurer matched:
      - @ConditionalOnMissingBean (types: org.springframework.scheduling.annotation.AsyncConfigurer; SearchStrategy: all) did not find any beans (OnBeanCondition)

   TaskExecutorConfigurations.SimpleAsyncTaskExecutorBuilderConfiguration#simpleAsyncTaskExecutorBuilder matched:
      - @ConditionalOnMissingBean (types: org.springframework.boot.task.SimpleAsyncTaskExecutorBuilder; SearchStrategy: all) did not find any beans (OnBeanCondition)
      - @ConditionalOnThreading found PLATFORM (OnThreadingCondition)

   TaskExecutorConfigurations.TaskExecutorConfiguration matched:
      - AnyNestedCondition 1 matched 1 did not; NestedCondition on TaskExecutorConfigurations.OnExecutorCondition.ModelCondition @ConditionalOnProperty (spring.task.execution.mode=force) did not find property 'spring.task.execution.mode'; NestedCondition on TaskExecutorConfigurations.OnExecutorCondition.ExecutorBeanCondition @ConditionalOnMissingBean (types: java.util.concurrent.Executor; SearchStrategy: all) did not find any beans (TaskExecutorConfigurations.OnExecutorCondition)

   TaskExecutorConfigurations.TaskExecutorConfiguration#applicationTaskExecutor matched:
      - @ConditionalOnThreading found PLATFORM (OnThreadingCondition)

   TaskExecutorConfigurations.ThreadPoolTaskExecutorBuilderConfiguration#threadPoolTaskExecutorBuilder matched:
      - @ConditionalOnMissingBean (types: org.springframework.boot.task.ThreadPoolTaskExecutorBuilder; SearchStrategy: all) did not find any beans (OnBeanCondition)

   TaskSchedulingAutoConfiguration matched:
      - @ConditionalOnClass found required class 'org.springframework.scheduling.concurrent.ThreadPoolTaskScheduler' (OnClassCondition)

   TaskSchedulingConfigurations.SimpleAsyncTaskSchedulerBuilderConfiguration#simpleAsyncTaskSchedulerBuilder matched:
      - @ConditionalOnMissingBean (types: org.springframework.boot.task.SimpleAsyncTaskSchedulerBuilder; SearchStrategy: all) did not find any beans (OnBeanCondition)
      - @ConditionalOnThreading found PLATFORM (OnThreadingCondition)

   TaskSchedulingConfigurations.ThreadPoolTaskSchedulerBuilderConfiguration#threadPoolTaskSchedulerBuilder matched:
      - @ConditionalOnMissingBean (types: org.springframework.boot.task.ThreadPoolTaskSchedulerBuilder; SearchStrategy: all) did not find any beans (OnBeanCondition)

   WebMvcAutoConfiguration matched:
      - @ConditionalOnClass found required classes 'jakarta.servlet.Servlet', 'org.springframework.web.servlet.DispatcherServlet', 'org.springframework.web.servlet.config.annotation.WebMvcConfigurer' (OnClassCondition)
      - found 'session' scope (OnWebApplicationCondition)
      - @ConditionalOnMissingBean (types: org.springframework.web.servlet.config.annotation.WebMvcConfigurationSupport; SearchStrategy: all) did not find any beans (OnBeanCondition)

   WebMvcAutoConfiguration#formContentFilter matched:
      - @ConditionalOnBooleanProperty (spring.mvc.formcontent.filter.enabled=true) matched (OnPropertyCondition)
      - @ConditionalOnMissingBean (types: org.springframework.web.filter.FormContentFilter; SearchStrategy: all) did not find any beans (OnBeanCondition)

   WebMvcAutoConfiguration.EnableWebMvcConfiguration#flashMapManager matched:
      - @ConditionalOnMissingBean (names: flashMapManager; SearchStrategy: all) did not find any beans (OnBeanCondition)

   WebMvcAutoConfiguration.EnableWebMvcConfiguration#localeResolver matched:
      - @ConditionalOnMissingBean (names: localeResolver; SearchStrategy: all) did not find any beans (OnBeanCondition)

   WebMvcAutoConfiguration.EnableWebMvcConfiguration#themeResolver matched:
      - @ConditionalOnMissingBean (names: themeResolver; SearchStrategy: all) did not find any beans (OnBeanCondition)

   WebMvcAutoConfiguration.EnableWebMvcConfiguration#viewNameTranslator matched:
      - @ConditionalOnMissingBean (names: viewNameTranslator; SearchStrategy: all) did not find any beans (OnBeanCondition)

   WebMvcAutoConfiguration.WebMvcAutoConfigurationAdapter#defaultViewResolver matched:
      - @ConditionalOnMissingBean (types: org.springframework.web.servlet.view.InternalResourceViewResolver; SearchStrategy: all) did not find any beans (OnBeanCondition)

   WebMvcAutoConfiguration.WebMvcAutoConfigurationAdapter#requestContextFilter matched:
      - @ConditionalOnMissingBean (types: org.springframework.web.context.request.RequestContextListener,org.springframework.web.filter.RequestContextFilter; SearchStrategy: all) did not find any beans (OnBeanCondition)

   WebMvcAutoConfiguration.WebMvcAutoConfigurationAdapter#viewResolver matched:
      - @ConditionalOnBean (types: org.springframework.web.servlet.ViewResolver; SearchStrategy: all) found beans 'defaultViewResolver', 'beanNameViewResolver', 'mvcViewResolver'; @ConditionalOnMissingBean (names: viewResolver types: org.springframework.web.servlet.view.ContentNegotiatingViewResolver; SearchStrategy: all) did not find any beans (OnBeanCondition)

   WebSocketServletAutoConfiguration matched:
      - @ConditionalOnClass found required classes 'jakarta.servlet.Servlet', 'jakarta.websocket.server.ServerContainer' (OnClassCondition)
      - found 'session' scope (OnWebApplicationCondition)

   WebSocketServletAutoConfiguration.TomcatWebSocketConfiguration matched:
      - @ConditionalOnClass found required classes 'org.apache.catalina.startup.Tomcat', 'org.apache.tomcat.websocket.server.WsSci' (OnClassCondition)

   WebSocketServletAutoConfiguration.TomcatWebSocketConfiguration#websocketServletWebServerCustomizer matched:
      - @ConditionalOnMissingBean (names: websocketServletWebServerCustomizer; SearchStrategy: all) did not find any beans (OnBeanCondition)


Negative matches:
-----------------

   ActiveMQAutoConfiguration:
      Did not match:
         - @ConditionalOnClass did not find required class 'jakarta.jms.ConnectionFactory' (OnClassCondition)

   AopAutoConfiguration.AspectJAutoProxyingConfiguration:
      Did not match:
         - @ConditionalOnClass did not find required class 'org.aspectj.weaver.Advice' (OnClassCondition)

   ArtemisAutoConfiguration:
      Did not match:
         - @ConditionalOnClass did not find required class 'jakarta.jms.ConnectionFactory' (OnClassCondition)

   BatchAutoConfiguration:
      Did not match:
         - @ConditionalOnClass did not find required class 'org.springframework.batch.core.launch.JobLauncher' (OnClassCondition)

   Cache2kCacheConfiguration:
      Did not match:
         - @ConditionalOnClass did not find required class 'org.cache2k.Cache2kBuilder' (OnClassCondition)

   CacheAutoConfiguration:
      Did not match:
         - @ConditionalOnBean (types: org.springframework.cache.interceptor.CacheAspectSupport; SearchStrategy: all) did not find any beans of type org.springframework.cache.interceptor.CacheAspectSupport (OnBeanCondition)
      Matched:
         - @ConditionalOnClass found required class 'org.springframework.cache.CacheManager' (OnClassCondition)

   CacheAutoConfiguration.CacheManagerEntityManagerFactoryDependsOnPostProcessor:
      Did not match:
[...]

   R2dbcDataAutoConfiguration:
      Did not match:
         - @ConditionalOnClass did not find required class 'org.springframework.data.r2dbc.core.R2dbcEntityTemplate' (OnClassCondition)

   R2dbcInitializationConfiguration:
      Did not match:
         - @ConditionalOnClass did not find required classes 'io.r2dbc.spi.ConnectionFactory', 'org.springframework.r2dbc.connection.init.DatabasePopulator' (OnClassCondition)

   R2dbcProxyAutoConfiguration:
      Did not match:
         - @ConditionalOnClass did not find required class 'io.r2dbc.proxy.ProxyConnectionFactory' (OnClassCondition)

   R2dbcRepositoriesAutoConfiguration:
      Did not match:
         - @ConditionalOnClass did not find required class 'io.r2dbc.spi.ConnectionFactory' (OnClassCondition)

   R2dbcTransactionManagerAutoConfiguration:
      Did not match:
         - @ConditionalOnClass did not find required class 'org.springframework.r2dbc.connection.R2dbcTransactionManager' (OnClassCondition)

   RSocketGraphQlClientAutoConfiguration:
      Did not match:
         - @ConditionalOnClass did not find required class 'graphql.GraphQL' (OnClassCondition)

   RSocketMessagingAutoConfiguration:
      Did not match:
         - @ConditionalOnClass did not find required class 'io.rsocket.RSocket' (OnClassCondition)

   RSocketRequesterAutoConfiguration:
      Did not match:
         - @ConditionalOnClass did not find required class 'io.rsocket.RSocket' (OnClassCondition)

   RSocketSecurityAutoConfiguration:
      Did not match:
         - @ConditionalOnClass did not find required class 'org.springframework.security.rsocket.core.SecuritySocketAcceptorInterceptor' (OnClassCondition)

   RSocketServerAutoConfiguration:
      Did not match:
         - @ConditionalOnClass did not find required class 'io.rsocket.core.RSocketServer' (OnClassCondition)

   RSocketStrategiesAutoConfiguration:
      Did not match:
         - @ConditionalOnClass did not find required class 'io.netty.buffer.PooledByteBufAllocator' (OnClassCondition)

   RabbitAutoConfiguration:
      Did not match:
         - @ConditionalOnClass did not find required class 'com.rabbitmq.client.Channel' (OnClassCondition)

   ReactiveElasticsearchClientAutoConfiguration:
      Did not match:
         - @ConditionalOnClass did not find required class 'co.elastic.clients.transport.ElasticsearchTransport' (OnClassCondition)

   ReactiveElasticsearchRepositoriesAutoConfiguration:
      Did not match:
         - @ConditionalOnClass did not find required class 'reactor.core.publisher.Mono' (OnClassCondition)

   ReactiveMultipartAutoConfiguration:
      Did not match:
         - @ConditionalOnClass did not find required class 'org.springframework.web.reactive.config.WebFluxConfigurer' (OnClassCondition)

   ReactiveOAuth2ClientAutoConfiguration:
      Did not match:
         - @ConditionalOnClass did not find required class 'reactor.core.publisher.Flux' (OnClassCondition)

   ReactiveOAuth2ClientWebSecurityAutoConfiguration:
      Did not match:
         - @ConditionalOnClass did not find required class 'reactor.core.publisher.Flux' (OnClassCondition)

   ReactiveOAuth2ResourceServerAutoConfiguration:
      Did not match:
         - @ConditionalOnClass did not find required class 'org.springframework.security.config.annotation.web.reactive.EnableWebFluxSecurity' (OnClassCondition)

   ReactiveSecurityAutoConfiguration:
      Did not match:
         - @ConditionalOnClass did not find required class 'reactor.core.publisher.Flux' (OnClassCondition)

   ReactiveUserDetailsServiceAutoConfiguration:
      Did not match:
         - @ConditionalOnClass did not find required class 'org.springframework.security.authentication.ReactiveAuthenticationManager' (OnClassCondition)

   ReactiveWebServerFactoryAutoConfiguration:
      Did not match:
         - @ConditionalOnWebApplication did not find reactive web application classes (OnWebApplicationCondition)

   ReactorAutoConfiguration:
      Did not match:
         - @ConditionalOnClass did not find required class 'reactor.core.publisher.Hooks' (OnClassCondition)

   RedisAutoConfiguration:
      Did not match:
         - @ConditionalOnClass did not find required class 'org.springframework.data.redis.core.RedisOperations' (OnClassCondition)

   RedisCacheConfiguration:
      Did not match:
         - @ConditionalOnClass did not find required class 'org.springframework.data.redis.connection.RedisConnectionFactory' (OnClassCondition)

   RedisReactiveAutoConfiguration:
      Did not match:
         - @ConditionalOnClass did not find required class 'reactor.core.publisher.Flux' (OnClassCondition)

   RedisRepositoriesAutoConfiguration:
      Did not match:
         - @ConditionalOnClass did not find required class 'org.springframework.data.redis.repository.configuration.EnableRedisRepositories' (OnClassCondition)

   RepositoryRestMvcAutoConfiguration:
      Did not match:
         - @ConditionalOnClass did not find required class 'org.springframework.data.rest.webmvc.config.RepositoryRestMvcConfiguration' (OnClassCondition)

   Saml2RelyingPartyAutoConfiguration:
      Did not match:
         - @ConditionalOnClass did not find required class 'org.springframework.security.saml2.provider.service.registration.RelyingPartyRegistrationRepository' (OnClassCondition)

   SecurityAutoConfiguration:
      Did not match:
         - @ConditionalOnClass did not find required class 'org.springframework.security.authentication.DefaultAuthenticationEventPublisher' (OnClassCondition)

   SecurityFilterAutoConfiguration:
      Did not match:
         - @ConditionalOnClass did not find required class 'org.springframework.security.config.http.SessionCreationPolicy' (OnClassCondition)

   SendGridAutoConfiguration:
      Did not match:
         - @ConditionalOnClass did not find required class 'com.sendgrid.SendGrid' (OnClassCondition)

   ServletWebServerFactoryAutoConfiguration.ForwardedHeaderFilterConfiguration:
      Did not match:
         - @ConditionalOnProperty (server.forward-headers-strategy=framework) did not find property 'server.forward-headers-strategy' (OnPropertyCondition)

   ServletWebServerFactoryConfiguration.EmbeddedJetty:
      Did not match:
         - @ConditionalOnClass did not find required classes 'org.eclipse.jetty.server.Server', 'org.eclipse.jetty.util.Loader', 'org.eclipse.jetty.ee10.webapp.WebAppContext' (OnClassCondition)

   ServletWebServerFactoryConfiguration.EmbeddedUndertow:
      Did not match:
         - @ConditionalOnClass did not find required classes 'io.undertow.Undertow', 'org.xnio.SslClientAuthMode' (OnClassCondition)

   SessionAutoConfiguration:
      Did not match:
         - @ConditionalOnClass did not find required class 'org.springframework.session.Session' (OnClassCondition)

   SpringApplicationAdminJmxAutoConfiguration:
      Did not match:
         - @ConditionalOnBooleanProperty (spring.application.admin.enabled=true) did not find property 'spring.application.admin.enabled' (OnPropertyCondition)

   SpringDataWebAutoConfiguration:
      Did not match:
         - @ConditionalOnClass did not find required class 'org.springframework.data.web.PageableHandlerMethodArgumentResolver' (OnClassCondition)

   TaskExecutorConfigurations.SimpleAsyncTaskExecutorBuilderConfiguration#simpleAsyncTaskExecutorBuilderVirtualThreads:
      Did not match:
         - @ConditionalOnMissingBean (types: org.springframework.boot.task.SimpleAsyncTaskExecutorBuilder; SearchStrategy: all) found beans of type 'org.springframework.boot.task.SimpleAsyncTaskExecutorBuilder' simpleAsyncTaskExecutorBuilder (OnBeanCondition)

   TaskExecutorConfigurations.TaskExecutorConfiguration#applicationTaskExecutorVirtualThreads:
      Did not match:
         - @ConditionalOnThreading did not find VIRTUAL (OnThreadingCondition)

   TaskSchedulingAutoConfiguration#scheduledBeanLazyInitializationExcludeFilter:
      Did not match:
         - @ConditionalOnBean (names: org.springframework.context.annotation.internalScheduledAnnotationProcessor; SearchStrategy: all) did not find any beans named org.springframework.context.annotation.internalScheduledAnnotationProcessor (OnBeanCondition)

   TaskSchedulingConfigurations.SimpleAsyncTaskSchedulerBuilderConfiguration#simpleAsyncTaskSchedulerBuilderVirtualThreads:
      Did not match:
         - @ConditionalOnMissingBean (types: org.springframework.boot.task.SimpleAsyncTaskSchedulerBuilder; SearchStrategy: all) found beans of type 'org.springframework.boot.task.SimpleAsyncTaskSchedulerBuilder' simpleAsyncTaskSchedulerBuilder (OnBeanCondition)

   TaskSchedulingConfigurations.TaskSchedulerConfiguration:
      Did not match:
         - @ConditionalOnBean (names: org.springframework.context.annotation.internalScheduledAnnotationProcessor; SearchStrategy: all) did not find any beans named org.springframework.context.annotation.internalScheduledAnnotationProcessor (OnBeanCondition)

   ThymeleafAutoConfiguration:
      Did not match:
         - @ConditionalOnClass did not find required class 'org.thymeleaf.spring6.SpringTemplateEngine' (OnClassCondition)

   TransactionAutoConfiguration:
      Did not match:
         - @ConditionalOnClass did not find required class 'org.springframework.transaction.PlatformTransactionManager' (OnClassCondition)

   TransactionManagerCustomizationAutoConfiguration:
      Did not match:
         - @ConditionalOnClass did not find required class 'org.springframework.transaction.PlatformTransactionManager' (OnClassCondition)

   UserDetailsServiceAutoConfiguration:
      Did not match:
         - @ConditionalOnClass did not find required class 'org.springframework.security.authentication.AuthenticationManager' (OnClassCondition)

   ValidationAutoConfiguration:
      Did not match:
         - @ConditionalOnClass did not find required class 'jakarta.validation.executable.ExecutableValidator' (OnClassCondition)

   WebClientAutoConfiguration:
      Did not match:
         - @ConditionalOnClass did not find required class 'org.springframework.web.reactive.function.client.WebClient' (OnClassCondition)

   WebFluxAutoConfiguration:
      Did not match:
         - @ConditionalOnClass did not find required class 'org.springframework.web.reactive.config.WebFluxConfigurer' (OnClassCondition)

   WebMvcAutoConfiguration#hiddenHttpMethodFilter:
      Did not match:
         - @ConditionalOnBooleanProperty (spring.mvc.hiddenmethod.filter.enabled=true) did not find property 'spring.mvc.hiddenmethod.filter.enabled' (OnPropertyCondition)

   WebMvcAutoConfiguration.ProblemDetailsErrorHandlingConfiguration:
      Did not match:
         - @ConditionalOnBooleanProperty (spring.mvc.problemdetails.enabled=true) did not find property 'spring.mvc.problemdetails.enabled' (OnPropertyCondition)

   WebMvcAutoConfiguration.ResourceChainCustomizerConfiguration:
      Did not match:
         - @ConditionalOnEnabledResourceChain did not find class org.webjars.WebJarVersionLocator (OnEnabledResourceChainCondition)

   WebMvcAutoConfiguration.WebMvcAutoConfigurationAdapter#beanNameViewResolver:
      Did not match:
         - @ConditionalOnMissingBean (types: org.springframework.web.servlet.view.BeanNameViewResolver; SearchStrategy: all) found beans of type 'org.springframework.web.servlet.view.BeanNameViewResolver' beanNameViewResolver (OnBeanCondition)

   WebServiceTemplateAutoConfiguration:
      Did not match:
         - @ConditionalOnClass did not find required class 'org.springframework.oxm.Marshaller' (OnClassCondition)

   WebServicesAutoConfiguration:
      Did not match:
         - @ConditionalOnClass did not find required class 'org.springframework.ws.transport.http.MessageDispatcherServlet' (OnClassCondition)

   WebSessionIdResolverAutoConfiguration:
      Did not match:
         - @ConditionalOnClass did not find required class 'reactor.core.publisher.Mono' (OnClassCondition)

   WebSocketMessagingAutoConfiguration:
      Did not match:
         - @ConditionalOnClass did not find required class 'org.springframework.web.socket.config.annotation.WebSocketMessageBrokerConfigurer' (OnClassCondition)

   WebSocketReactiveAutoConfiguration:
      Did not match:
         - @ConditionalOnWebApplication did not find reactive web application classes (OnWebApplicationCondition)

   WebSocketServletAutoConfiguration.JettyWebSocketConfiguration:
      Did not match:
         - @ConditionalOnClass did not find required class 'org.eclipse.jetty.ee10.websocket.jakarta.server.config.JakartaWebSocketServletContainerInitializer' (OnClassCondition)

   WebSocketServletAutoConfiguration.UndertowWebSocketConfiguration:
      Did not match:
         - @ConditionalOnClass did not find required class 'io.undertow.websockets.jsr.Bootstrap' (OnClassCondition)

   XADataSourceAutoConfiguration:
      Did not match:
         - @ConditionalOnClass did not find required class 'jakarta.transaction.TransactionManager' (OnClassCondition)


Exclusions:
-----------

    None


Unconditional classes:
----------------------

    org.springframework.boot.autoconfigure.context.ConfigurationPropertiesAutoConfiguration

    org.springframework.boot.autoconfigure.ssl.SslAutoConfiguration

    org.springframework.boot.autoconfigure.context.LifecycleAutoConfiguration

    org.springframework.boot.autoconfigure.context.PropertyPlaceholderAutoConfiguration

    org.springframework.boot.autoconfigure.availability.ApplicationAvailabilityAutoConfiguration

    org.springframework.boot.autoconfigure.info.ProjectInfoAutoConfiguration



2026-02-18 18:25:47.777 [main] INFO  c.p.d.DummyServletApplicationTests - [logStarted] Started DummyServletApplicationTests in 2.819 seconds (process running for 4.857)
2026-02-18 18:25:47.783 [main] DEBUG o.s.b.a.ApplicationAvailabilityBean - [onApplicationEvent] Application availability state LivenessState changed to CORRECT
2026-02-18 18:25:47.802 [main] DEBUG o.s.b.a.ApplicationAvailabilityBean - [onApplicationEvent] Application availability state ReadinessState changed to ACCEPTING_TRAFFIC
2026-02-18 18:25:47.815 [main] DEBUG o.springframework.test.context.cache - [logStatistics] Spring test ApplicationContext cache statistics: [DefaultContextCache@7f323b3a size = 1, maxSize = 32, parentContextCount = 0, hitCount = 0, missCount = 1, failureCount = 0]
2026-02-18 18:25:47.819 [main] DEBUG o.s.t.c.w.ServletTestExecutionListener - [setUpRequestContextIfNecessary] Setting up MockHttpServletRequest, MockHttpServletResponse, ServletWebRequest, and RequestContextHolder for test class com.pinnacle.dummyServlet.DummyServletApplicationTests
2026-02-18 18:25:47.855 [main] DEBUG o.s.t.c.s.DependencyInjectionTestExecutionListener - [prepareTestInstance] Performing dependency injection for test class com.pinnacle.dummyServlet.DummyServletApplicationTests
2026-02-18 18:25:47.856 [main] DEBUG o.springframework.test.context.cache - [logStatistics] Spring test ApplicationContext cache statistics: [DefaultContextCache@7f323b3a size = 1, maxSize = 32, parentContextCount = 0, hitCount = 1, missCount = 1, failureCount = 0]
2026-02-18 18:25:47.858 [main] DEBUG o.springframework.test.context.cache - [logStatistics] Spring test ApplicationContext cache statistics: [DefaultContextCache@7f323b3a size = 1, maxSize = 32, parentContextCount = 0, hitCount = 2, missCount = 1, failureCount = 0]
2026-02-18 18:25:47.868 [main] DEBUG o.s.t.c.s.DirtiesContextBeforeModesTestExecutionListener - [beforeOrAfterTestMethod] Before test method: class [DummyServletApplicationTests], method [contextLoads], class annotated with @DirtiesContext [false] with mode [null], method annotated with @DirtiesContext [false] with mode [null]
2026-02-18 18:25:47.869 [main] DEBUG o.springframework.test.context.cache - [logStatistics] Spring test ApplicationContext cache statistics: [DefaultContextCache@7f323b3a size = 1, maxSize = 32, parentContextCount = 0, hitCount = 3, missCount = 1, failureCount = 0]
2026-02-18 18:25:47.869 [main] DEBUG o.springframework.test.context.cache - [logStatistics] Spring test ApplicationContext cache statistics: [DefaultContextCache@7f323b3a size = 1, maxSize = 32, parentContextCount = 0, hitCount = 4, missCount = 1, failureCount = 0]
2026-02-18 18:25:48.794 [main] DEBUG o.springframework.test.context.cache - [logStatistics] Spring test ApplicationContext cache statistics: [DefaultContextCache@7f323b3a size = 1, maxSize = 32, parentContextCount = 0, hitCount = 5, missCount = 1, failureCount = 0]
2026-02-18 18:25:48.796 [main] DEBUG o.springframework.test.context.cache - [logStatistics] Spring test ApplicationContext cache statistics: [DefaultContextCache@7f323b3a size = 1, maxSize = 32, parentContextCount = 0, hitCount = 6, missCount = 1, failureCount = 0]
2026-02-18 18:25:48.807 [main] DEBUG o.springframework.test.context.cache - [logStatistics] Spring test ApplicationContext cache statistics: [DefaultContextCache@7f323b3a size = 1, maxSize = 32, parentContextCount = 0, hitCount = 7, missCount = 1, failureCount = 0]
2026-02-18 18:25:48.807 [main] DEBUG o.springframework.test.context.cache - [logStatistics] Spring test ApplicationContext cache statistics: [DefaultContextCache@7f323b3a size = 1, maxSize = 32, parentContextCount = 0, hitCount = 8, missCount = 1, failureCount = 0]
2026-02-18 18:25:48.812 [main] DEBUG o.springframework.test.context.cache - [logStatistics] Spring test ApplicationContext cache statistics: [DefaultContextCache@7f323b3a size = 1, maxSize = 32, parentContextCount = 0, hitCount = 9, missCount = 1, failureCount = 0]
2026-02-18 18:25:48.812 [main] DEBUG o.springframework.test.context.cache - [logStatistics] Spring test ApplicationContext cache statistics: [DefaultContextCache@7f323b3a size = 1, maxSize = 32, parentContextCount = 0, hitCount = 10, missCount = 1, failureCount = 0]
2026-02-18 18:25:48.812 [main] DEBUG o.springframework.test.context.cache - [logStatistics] Spring test ApplicationContext cache statistics: [DefaultContextCache@7f323b3a size = 1, maxSize = 32, parentContextCount = 0, hitCount = 11, missCount = 1, failureCount = 0]
2026-02-18 18:25:48.812 [main] DEBUG o.springframework.test.context.cache - [logStatistics] Spring test ApplicationContext cache statistics: [DefaultContextCache@7f323b3a size = 1, maxSize = 32, parentContextCount = 0, hitCount = 12, missCount = 1, failureCount = 0]
2026-02-18 18:25:48.812 [main] DEBUG o.springframework.test.context.cache - [logStatistics] Spring test ApplicationContext cache statistics: [DefaultContextCache@7f323b3a size = 1, maxSize = 32, parentContextCount = 0, hitCount = 13, missCount = 1, failureCount = 0]
2026-02-18 18:25:48.812 [main] DEBUG o.s.t.c.s.DirtiesContextTestExecutionListener - [beforeOrAfterTestMethod] After test method: class [DummyServletApplicationTests], method [contextLoads], class annotated with @DirtiesContext [false] with mode [null], method annotated with @DirtiesContext [false] with mode [null]
2026-02-18 18:25:48.812 [main] DEBUG o.s.t.c.w.ServletTestExecutionListener - [afterTestMethod] Resetting RequestContextHolder for test class com.pinnacle.dummyServlet.DummyServletApplicationTests
]]></system-out>
    <system-err><![CDATA[Mockito is currently self-attaching to enable the inline-mock-maker. This will no longer work in future releases of the JDK. Please add Mockito as an agent to your build as described in Mockito's documentation: https://javadoc.io/doc/org.mockito/mockito-core/latest/org.mockito/org/mockito/Mockito.html#0.3
WARNING: A Java agent has been loaded dynamically (C:\Users\Naveen_Kumar\.m2\repository\net\bytebuddy\byte-buddy-agent\1.17.6\byte-buddy-agent-1.17.6.jar)
WARNING: If a serviceability tool is in use, please run with -XX:+EnableDynamicAgentLoading to hide this warning
WARNING: If a serviceability tool is not in use, please run with -Djdk.instrument.traceUsage for more information
WARNING: Dynamic loading of agents will be disallowed by default in a future release
]]></system-err>
  </testcase>
</testsuite>