<?xml version="1.0" encoding="UTF-8"?>
<testsuite xmlns:xsi="http://www.w3.org/2001/XMLSchema-instance" xsi:noNamespaceSchemaLocation="https://maven.apache.org/surefire/maven-surefire-plugin/xsd/surefire-test-report.xsd" version="3.0.2" name="com.pinnacle.dummyServlet.DummyServletApplicationTests" time="6.479" tests="1" errors="0" skipped="0" failures="0">
  <properties>
[...]
</properties>
  <testcase name="contextLoads" classname="com.pinnacle.dummyServlet.DummyServletApplicationTests" time="1.693">
    <system-out><![CDATA[10:41:11.049 [main] INFO org.springframework.test.context.support.AnnotationConfigContextLoaderUtils -- Could not detect default configuration classes for test class [com.pinnacle.dummyServlet.DummyServletApplicationTests]: DummyServletApplicationTests does not declare any static, non-private, non-final, nested classes annotated with @Configuration.
10:41:11.345 [main] INFO org.springframework.boot.test.context.SpringBootTestContextBootstrapper -- Found @SpringBootConfiguration com.pinnacle.dummyServlet.DummyServletApplication for test class com.pinnacle.dummyServlet.DummyServletApplicationTests

  .   ____          _            __ _ _
 /\\ / ___'_ __ _ _(_)_ __  __ _ \ \ \ \
( ( )\___ | '_ | '_| | '_ \/ _` | \ \ \ \
 \\/  ___)| |_)| | | | | || (_| |  ) ) ) )
  '  |____| .__|_| |_|_| |_\__, | / / / /
 =========|_|==============|___/=/_/_/_/

 :: Spring Boot ::                (v3.5.4)

2025-08-13T10:41:12.422+05:30  INFO 41400 --- [dummyServlet] [           main] c.p.d.DummyServletApplicationTests       : Starting DummyServletApplicationTests using Java 21.0.5 with PID 41400 (started by Naveen_Kumar in D:\PinnacleProject\dummyServlet)
2025-08-13T10:41:12.422+05:30  INFO 41400 --- [dummyServlet] [           main] c.p.d.DummyServletApplicationTests       : No active profile set, falling back to 1 default profile: "default"
2025-08-13T10:41:15.312+05:30  INFO 41400 --- [dummyServlet] [           main] c.p.d.DummyServletApplicationTests       : Started DummyServletApplicationTests in 3.624 seconds (process running for 6.286)
]]></system-out>
    <system-err><![CDATA[Mockito is currently self-attaching to enable the inline-mock-maker. This will no longer work in future releases of the JDK. Please add Mockito as an agent to your build as described in Mockito's documentation: https://javadoc.io/doc/org.mockito/mockito-core/latest/org.mockito/org/mockito/Mockito.html#0.3
WARNING: A Java agent has been loaded dynamically (C:\Users\Naveen_Kumar\.m2\repository\net\bytebuddy\byte-buddy-agent\1.17.6\byte-buddy-agent-1.17.6.jar)
WARNING: If a serviceability tool is in use, please run with -XX:+EnableDynamicAgentLoading to hide this warning
WARNING: If a serviceability tool is not in use, please run with -Djdk.instrument.traceUsage for more information
WARNING: Dynamic loading of agents will be disallowed by default in a future release
]]></system-err>
  </testcase>
</testsuite>